#
# A fatal error has been detected by the Java Runtime Environment:
#
#  SIGSEGV (0xb) at pc=0x0000000107e2df28, pid=11311, tid=25603
#
# JRE version: OpenJDK Runtime Environment AdoptOpenJDK (11.0.10+9) (build 11.0.10+9)
# Java VM: OpenJDK 64-Bit Server VM AdoptOpenJDK (11.0.10+9, mixed mode, tiered, compressed oops, g1 gc, bsd-amd64)
# Problematic frame:
# C  [JniExceptionImpl.jnilib+0x3f28]  Java_edu_jphoebe_demo_jni_JniExceptionDemo_exception2+0x18
#
# No core dump will be written. Core dumps have been disabled. To enable core dumping, try "ulimit -c unlimited" before starting Java again
#
# If you would like to submit a bug report, please visit:
#   https://github.com/AdoptOpenJDK/openjdk-support/issues
# The crash happened outside the Java Virtual Machine in native code.
# See problematic frame for where to report the bug.
#

---------------  S U M M A R Y ------------

Command Line: -agentlib:jdwp=transport=dt_socket,address=127.0.0.1:61197,suspend=y,server=n -Dvisualvm.id=1099143550378286 -Dvisualgc.id=1099143550347898 -javaagent:/Users/jphoebe/Library/Caches/JetBrains/IntelliJIdea2022.2/captureAgent/debugger-agent.jar -Dfile.encoding=UTF-8 edu.jphoebe.demo.jni.Test

Host: MacBookPro15,1 x86_64 2600 MHz, 12 cores, 32G, Darwin 21.5.0
Time: Thu Aug  4 12:24:11 2022 CST elapsed time: 0.343964 seconds (0d 0h 0m 0s)

---------------  T H R E A D  ---------------

Current thread (0x00007fdd9c018000):  JavaThread "pool-1-thread-1" [_thread_in_native, id=25603, stack(0x00007000105ef000,0x00007000106ef000)]

Stack: [0x00007000105ef000,0x00007000106ef000],  sp=0x00007000106ee880,  free space=1022k
Native frames: (J=compiled Java code, A=aot compiled Java code, j=interpreted, Vv=VM code, C=native code)
C  [JniExceptionImpl.jnilib+0x3f28]  Java_edu_jphoebe_demo_jni_JniExceptionDemo_exception2+0x18
j  edu.jphoebe.demo.jni.JniExceptionDemo.exception2()I+0
j  edu.jphoebe.demo.jni.Test.lambda$main$0(Ledu/jphoebe/demo/jni/JniExceptionDemo;)V+16
j  edu.jphoebe.demo.jni.Test$$Lambda$14.run()V+4
j  java.util.concurrent.ThreadPoolExecutor.runWorker(Ljava/util/concurrent/ThreadPoolExecutor$Worker;)V+92 java.base@11.0.10
j  java.util.concurrent.ThreadPoolExecutor$Worker.run()V+5 java.base@11.0.10
j  java.lang.Thread.run()V+11 java.base@11.0.10
v  ~StubRoutines::call_stub
V  [libjvm.dylib+0x3b0b2c]  JavaCalls::call_helper(JavaValue*, methodHandle const&, JavaCallArguments*, Thread*)+0x21a
V  [libjvm.dylib+0x3aff76]  JavaCalls::call_virtual(JavaValue*, Klass*, Symbol*, Symbol*, JavaCallArguments*, Thread*)+0xee
V  [libjvm.dylib+0x3b0032]  JavaCalls::call_virtual(JavaValue*, Handle, Klass*, Symbol*, Symbol*, Thread*)+0x62
V  [libjvm.dylib+0x43667e]  thread_entry(JavaThread*, Thread*)+0x78
V  [libjvm.dylib+0x76f462]  JavaThread::thread_main_inner()+0x82
V  [libjvm.dylib+0x76f2ac]  JavaThread::run()+0x174
V  [libjvm.dylib+0x76d188]  Thread::call_run()+0x68
V  [libjvm.dylib+0x61c663]  thread_native_entry(Thread*)+0x139
C  [libsystem_pthread.dylib+0x64e1]  _pthread_start+0x7d
C  [libsystem_pthread.dylib+0x1f6b]  thread_start+0xf

Java frames: (J=compiled Java code, j=interpreted, Vv=VM code)
j  edu.jphoebe.demo.jni.JniExceptionDemo.exception2()I+0
j  edu.jphoebe.demo.jni.Test.lambda$main$0(Ledu/jphoebe/demo/jni/JniExceptionDemo;)V+16
j  edu.jphoebe.demo.jni.Test$$Lambda$14.run()V+4
j  java.util.concurrent.ThreadPoolExecutor.runWorker(Ljava/util/concurrent/ThreadPoolExecutor$Worker;)V+92 java.base@11.0.10
j  java.util.concurrent.ThreadPoolExecutor$Worker.run()V+5 java.base@11.0.10
j  java.lang.Thread.run()V+11 java.base@11.0.10
v  ~StubRoutines::call_stub

siginfo: si_signo: 11 (SIGSEGV), si_code: 1 (SEGV_MAPERR), si_addr: 0x0000000000000000

Register to memory mapping:

RAX=0x0 is NULL
RBX={method} {0x0000000107a3df80} 'exception2' '()I' in 'edu/jphoebe/demo/jni/JniExceptionDemo'
RCX=0x0000000000000003 is an unknown value
RDX=0x0000000000000003 is an unknown value
RSP=0x00007000106ee880 is pointing into the stack for thread: 0x00007fdd9c018000
RBP=0x00007000106ee880 is pointing into the stack for thread: 0x00007fdd9c018000
RSI=0x00007000106ee908 is pointing into the stack for thread: 0x00007fdd9c018000
RDI=0x00007fdd9c018348 points into unknown readable memory: 0x0000000108eb4f08 | 08 4f eb 08 01 00 00 00
R8 =0x0000000000000480 is an unknown value
R9 =64 is a compressed pointer to class: 0x0000000800000040
R10=0x0000000111a001b4 is at code_begin+1652 in an Interpreter codelet
method entry point (kind = native)  [0x00000001119ffb40, 0x0000000111a00b40]  4096 bytes
R11=0x0000000000000101 is an unknown value
R12=0x0 is NULL
R13={method} {0x0000000107a3df80} 'exception2' '()I' in 'edu/jphoebe/demo/jni/JniExceptionDemo'
R14=0x00007000106ee908 is pointing into the stack for thread: 0x00007fdd9c018000
R15=0x00007fdd9c018000 is a thread


Registers:
RAX=0x0000000000000000, RBX=0x0000000107a3df80, RCX=0x0000000000000003, RDX=0x0000000000000003
RSP=0x00007000106ee880, RBP=0x00007000106ee880, RSI=0x00007000106ee908, RDI=0x00007fdd9c018348
R8 =0x0000000000000480, R9 =0x0000000000000040, R10=0x0000000111a001b4, R11=0x0000000000000101
R12=0x0000000000000000, R13=0x0000000107a3df80, R14=0x00007000106ee908, R15=0x00007fdd9c018000
RIP=0x0000000107e2df28, EFLAGS=0x0000000000010293, ERR=0x0000000000000004
  TRAPNO=0x000000000000000e

Top of Stack: (sp=0x00007000106ee880)
0x00007000106ee880:   00007000106ee8e8 0000000111a001e3
0x00007000106ee890:   00000000000000b6 00000001119ffbf6
0x00007000106ee8a0:   00007000106ee8a0 0000000107a3df80
0x00007000106ee8b0:   00007000106ee908 0000000107a3c0f8
0x00007000106ee8c0:   0000000000000000 000000061fd60558
0x00007000106ee8d0:   0000000107a3df80 0000000000000000
0x00007000106ee8e0:   00007000106ee908 00007000106ee968
0x00007000106ee8f0:   00000001119f61f8 0000000000000000
0x00007000106ee900:   00000001119fb856 000000061fd60668
0x00007000106ee910:   000000061f72ec78 000000061fe160e8
0x00007000106ee920:   00007000106ee920 0000000107a3d7d8
0x00007000106ee930:   00007000106ee980 0000000107a3d988
0x00007000106ee940:   0000000000000000 000000061fd5e6c8
0x00007000106ee950:   0000000107a3d830 00007000106ee908
0x00007000106ee960:   00007000106ee980 00007000106ee9d0
0x00007000106ee970:   00000001119f706d 0000000000000000
0x00007000106ee980:   000000061fd60668 00007000106ee988
0x00007000106ee990:   0000000107a3eb84 00007000106ee9e0
0x00007000106ee9a0:   0000000107a3e458 0000000000000000
0x00007000106ee9b0:   000000061fd64178 0000000107a3eb90
0x00007000106ee9c0:   00007000106ee980 00007000106ee9e0
0x00007000106ee9d0:   00007000106eea30 00000001119f7144
0x00007000106ee9e0:   000000061fd642f0 00007000106ee9e8
0x00007000106ee9f0:   0000000107c09d54 00007000106eea78
0x00007000106eea00:   0000000107c0eba0 0000000000000000
0x00007000106eea10:   000000061f6d3a00 0000000107c09e58
0x00007000106eea20:   00007000106ee9e0 00007000106eea70
0x00007000106eea30:   00007000106eeac8 00000001119f706d
0x00007000106eea40:   0000000000000000 0000000000000000
0x00007000106eea50:   0000000000000000 0000000000000001
0x00007000106eea60:   000000061fd642f0 000000061f6d6540
0x00007000106eea70:   000000061f6d6510 000000061f6d3b48 

Instructions: (pc=0x0000000107e2df28)
0x0000000107e2de28:   00 00 00 00 00 00 00 00 00 00 00 00 00 00 00 00
0x0000000107e2de38:   00 00 00 00 00 00 00 00 00 00 00 00 00 00 00 00
0x0000000107e2de48:   00 00 00 00 00 00 00 00 00 00 00 00 00 00 00 00
0x0000000107e2de58:   00 00 00 00 00 00 00 00 00 00 00 00 00 00 00 00
0x0000000107e2de68:   00 00 00 00 00 00 00 00 00 00 00 00 00 00 00 00
0x0000000107e2de78:   00 00 00 00 00 00 00 00 00 00 00 00 00 00 00 00
0x0000000107e2de88:   00 00 00 00 00 00 00 00 00 00 00 00 00 00 00 00
0x0000000107e2de98:   00 00 00 00 00 00 00 00 00 00 00 00 00 00 00 00
0x0000000107e2dea8:   00 00 00 00 00 00 00 00 00 00 00 00 00 00 00 00
0x0000000107e2deb8:   00 00 00 00 00 00 00 00 00 00 00 00 00 00 00 00
0x0000000107e2dec8:   00 00 00 00 00 00 00 00 00 00 00 00 00 00 00 00
0x0000000107e2ded8:   00 00 00 00 00 00 00 00 55 48 89 e5 48 89 7d f8
0x0000000107e2dee8:   48 89 75 f0 c7 45 ec 0a 00 00 00 c7 45 e8 00 00
0x0000000107e2def8:   00 00 8b 45 ec 99 f7 7d e8 89 45 e4 8b 45 e4 5d
0x0000000107e2df08:   c3 0f 1f 80 00 00 00 00 55 48 89 e5 48 89 7d f8
0x0000000107e2df18:   48 89 75 f0 48 c7 45 e8 00 00 00 00 48 8b 45 e8
0x0000000107e2df28:   8b 00 83 c0 64 89 45 e4 8b 45 e4 5d c3 66 2e 0f
0x0000000107e2df38:   1f 84 00 00 00 00 00 90 55 48 89 e5 48 83 ec 30
0x0000000107e2df48:   48 89 7d f8 48 89 75 f0 c7 45 e4 01 00 00 00 48
0x0000000107e2df58:   8d 45 ec 48 89 45 d8 48 8b 45 d8 48 05 00 02 00
0x0000000107e2df68:   00 48 89 45 d8 c7 45 e8 00 00 00 00 81 7d e8 00
0x0000000107e2df78:   02 00 00 0f 8d 20 00 00 00 e8 24 00 00 00 89 c2
0x0000000107e2df88:   48 8b 45 d8 48 63 4d e8 89 14 88 8b 45 e8 83 c0
0x0000000107e2df98:   01 89 45 e8 e9 d3 ff ff ff 8b 45 ec 48 83 c4 30
0x0000000107e2dfa8:   5d c3 ff 25 50 00 00 00 01 00 00 00 1c 00 00 00
0x0000000107e2dfb8:   00 00 00 00 1c 00 00 00 00 00 00 00 1c 00 00 00
0x0000000107e2dfc8:   02 00 00 00 e0 3e 00 00 34 00 00 00 34 00 00 00
0x0000000107e2dfd8:   ab 3f 00 00 00 00 00 00 34 00 00 00 03 00 00 00
0x0000000107e2dfe8:   0c 00 01 00 10 00 01 00 00 00 00 00 00 00 00 01
0x0000000107e2dff8:   00 00 00 00 00 00 00 00 92 bc 4f 08 f8 7f 00 00
0x0000000107e2e008:   00 00 00 00 00 00 00 00 00 00 00 00 00 00 00 00
0x0000000107e2e018:   00 00 00 00 00 00 00 00 00 00 00 00 00 00 00 00 


Stack slot to memory mapping:
stack at sp + 0 slots: 0x00007000106ee8e8 is pointing into the stack for thread: 0x00007fdd9c018000
stack at sp + 1 slots: 0x0000000111a001e3 is at code_begin+1699 in an Interpreter codelet
method entry point (kind = native)  [0x00000001119ffb40, 0x0000000111a00b40]  4096 bytes
stack at sp + 2 slots: 0x00000000000000b6 is an unknown value
stack at sp + 3 slots: 0x00000001119ffbf6 is at code_begin+182 in an Interpreter codelet
method entry point (kind = native)  [0x00000001119ffb40, 0x0000000111a00b40]  4096 bytes
stack at sp + 4 slots: 0x00007000106ee8a0 is pointing into the stack for thread: 0x00007fdd9c018000
stack at sp + 5 slots: {method} {0x0000000107a3df80} 'exception2' '()I' in 'edu/jphoebe/demo/jni/JniExceptionDemo'
stack at sp + 6 slots: 0x00007000106ee908 is pointing into the stack for thread: 0x00007fdd9c018000
stack at sp + 7 slots: 0x0000000107a3c0f8 is pointing into metadata


---------------  P R O C E S S  ---------------

Threads class SMR info:
_java_thread_list=0x000060000157c8c0, length=13, elements={
0x00007fdd8a009000, 0x00007fdd9b00e000, 0x00007fdd9b02f000, 0x00007fdd8a1c3000,
0x00007fdd8a1c6000, 0x00007fdd8a1c7000, 0x00007fdd8a1c7800, 0x00007fdd8a1c8800,
0x00007fdd9a026000, 0x00007fdd9b08a000, 0x00007fdd9b08b000, 0x00007fdd4a83a800,
0x00007fdd9c018000
}

Java Threads: ( => current thread )
  0x00007fdd8a009000 JavaThread "main" [_thread_blocked, id=6147, stack(0x000070000f1b0000,0x000070000f2b0000)]
  0x00007fdd9b00e000 JavaThread "Reference Handler" daemon [_thread_blocked, id=14083, stack(0x000070000f8c5000,0x000070000f9c5000)]
  0x00007fdd9b02f000 JavaThread "Finalizer" daemon [_thread_blocked, id=18435, stack(0x000070000f9c8000,0x000070000fac8000)]
  0x00007fdd8a1c3000 JavaThread "Signal Dispatcher" daemon [_thread_blocked, id=17155, stack(0x000070000fbd1000,0x000070000fcd1000)]
  0x00007fdd8a1c6000 JavaThread "Service Thread" daemon [_thread_blocked, id=22019, stack(0x000070000fcd4000,0x000070000fdd4000)]
  0x00007fdd8a1c7000 JavaThread "C2 CompilerThread0" daemon [_thread_blocked, id=43267, stack(0x000070000fdd7000,0x000070000fed7000)]
  0x00007fdd8a1c7800 JavaThread "C1 CompilerThread0" daemon [_thread_blocked, id=23299, stack(0x000070000feda000,0x000070000ffda000)]
  0x00007fdd8a1c8800 JavaThread "Sweeper thread" daemon [_thread_blocked, id=43011, stack(0x000070000ffdd000,0x00007000100dd000)]
  0x00007fdd9a026000 JavaThread "Common-Cleaner" daemon [_thread_blocked, id=24067, stack(0x00007000100e0000,0x00007000101e0000)]
  0x00007fdd9b08a000 JavaThread "JDWP Transport Listener: dt_socket" daemon [_thread_blocked, id=41987, stack(0x00007000101e3000,0x00007000102e3000)]
  0x00007fdd9b08b000 JavaThread "JDWP Event Helper Thread" daemon [_thread_blocked, id=41475, stack(0x00007000102e6000,0x00007000103e6000)]
  0x00007fdd4a83a800 JavaThread "JDWP Command Reader" daemon [_thread_in_native, id=41219, stack(0x00007000103e9000,0x00007000104e9000)]
=>0x00007fdd9c018000 JavaThread "pool-1-thread-1" [_thread_in_native, id=25603, stack(0x00007000105ef000,0x00007000106ef000)]

Other Threads:
  0x00007fdd7a821800 VMThread "VM Thread" [stack: 0x000070000f7c2000,0x000070000f8c2000] [id=13571]
  0x00007fdd8a1b3800 WatcherThread [stack: 0x00007000104ec000,0x00007000105ec000] [id=40707]
  0x00007fdd8a018800 GCTaskThread "GC Thread#0" [stack: 0x000070000f2b3000,0x000070000f3b3000] [id=11523]
  0x00007fdd8a049000 ConcurrentGCThread "G1 Main Marker" [stack: 0x000070000f3b6000,0x000070000f4b6000] [id=12035]
  0x00007fdd8a04a000 ConcurrentGCThread "G1 Conc#0" [stack: 0x000070000f4b9000,0x000070000f5b9000] [id=20483]
  0x00007fdd8a172800 ConcurrentGCThread "G1 Refine#0" [stack: 0x000070000f5bc000,0x000070000f6bc000] [id=19971]
  0x00007fdd8a173800 ConcurrentGCThread "G1 Young RemSet Sampling" [stack: 0x000070000f6bf000,0x000070000f7bf000] [id=19715]

Threads with active compile tasks:

VM state:not at safepoint (normal execution)

VM Mutex/Monitor currently owned by a thread: None

Heap address: 0x0000000600000000, size: 8192 MB, Compressed Oops mode: Zero based, Oop shift amount: 3
Narrow klass base: 0x0000000800000000, Narrow klass shift: 0
Compressed class space size: 1073741824 Address: 0x0000000800000000

Heap:
 garbage-first heap   total 524288K, used 6144K [0x0000000600000000, 0x0000000800000000)
  region size 2048K, 5 young (10240K), 0 survivors (0K)
 Metaspace       used 6553K, capacity 6651K, committed 6784K, reserved 1056768K
  class space    used 556K, capacity 575K, committed 640K, reserved 1048576K
Heap Regions: E=young(eden), S=young(survivor), O=old, HS=humongous(starts), HC=humongous(continues), CS=collection set, F=free, A=archive, TAMS=top-at-mark-start (previous, next)
|   0|0x0000000600000000, 0x0000000600000000, 0x0000000600200000|  0%| F|  |TAMS 0x0000000600000000, 0x0000000600000000| Untracked 
|   1|0x0000000600200000, 0x0000000600200000, 0x0000000600400000|  0%| F|  |TAMS 0x0000000600200000, 0x0000000600200000| Untracked 
|   2|0x0000000600400000, 0x0000000600400000, 0x0000000600600000|  0%| F|  |TAMS 0x0000000600400000, 0x0000000600400000| Untracked 
|   3|0x0000000600600000, 0x0000000600600000, 0x0000000600800000|  0%| F|  |TAMS 0x0000000600600000, 0x0000000600600000| Untracked 
|   4|0x0000000600800000, 0x0000000600800000, 0x0000000600a00000|  0%| F|  |TAMS 0x0000000600800000, 0x0000000600800000| Untracked 
|   5|0x0000000600a00000, 0x0000000600a00000, 0x0000000600c00000|  0%| F|  |TAMS 0x0000000600a00000, 0x0000000600a00000| Untracked 
|   6|0x0000000600c00000, 0x0000000600c00000, 0x0000000600e00000|  0%| F|  |TAMS 0x0000000600c00000, 0x0000000600c00000| Untracked 
|   7|0x0000000600e00000, 0x0000000600e00000, 0x0000000601000000|  0%| F|  |TAMS 0x0000000600e00000, 0x0000000600e00000| Untracked 
|   8|0x0000000601000000, 0x0000000601000000, 0x0000000601200000|  0%| F|  |TAMS 0x0000000601000000, 0x0000000601000000| Untracked 
|   9|0x0000000601200000, 0x0000000601200000, 0x0000000601400000|  0%| F|  |TAMS 0x0000000601200000, 0x0000000601200000| Untracked 
|  10|0x0000000601400000, 0x0000000601400000, 0x0000000601600000|  0%| F|  |TAMS 0x0000000601400000, 0x0000000601400000| Untracked 
|  11|0x0000000601600000, 0x0000000601600000, 0x0000000601800000|  0%| F|  |TAMS 0x0000000601600000, 0x0000000601600000| Untracked 
|  12|0x0000000601800000, 0x0000000601800000, 0x0000000601a00000|  0%| F|  |TAMS 0x0000000601800000, 0x0000000601800000| Untracked 
|  13|0x0000000601a00000, 0x0000000601a00000, 0x0000000601c00000|  0%| F|  |TAMS 0x0000000601a00000, 0x0000000601a00000| Untracked 
|  14|0x0000000601c00000, 0x0000000601c00000, 0x0000000601e00000|  0%| F|  |TAMS 0x0000000601c00000, 0x0000000601c00000| Untracked 
|  15|0x0000000601e00000, 0x0000000601e00000, 0x0000000602000000|  0%| F|  |TAMS 0x0000000601e00000, 0x0000000601e00000| Untracked 
|  16|0x0000000602000000, 0x0000000602000000, 0x0000000602200000|  0%| F|  |TAMS 0x0000000602000000, 0x0000000602000000| Untracked 
|  17|0x0000000602200000, 0x0000000602200000, 0x0000000602400000|  0%| F|  |TAMS 0x0000000602200000, 0x0000000602200000| Untracked 
|  18|0x0000000602400000, 0x0000000602400000, 0x0000000602600000|  0%| F|  |TAMS 0x0000000602400000, 0x0000000602400000| Untracked 
|  19|0x0000000602600000, 0x0000000602600000, 0x0000000602800000|  0%| F|  |TAMS 0x0000000602600000, 0x0000000602600000| Untracked 
|  20|0x0000000602800000, 0x0000000602800000, 0x0000000602a00000|  0%| F|  |TAMS 0x0000000602800000, 0x0000000602800000| Untracked 
|  21|0x0000000602a00000, 0x0000000602a00000, 0x0000000602c00000|  0%| F|  |TAMS 0x0000000602a00000, 0x0000000602a00000| Untracked 
|  22|0x0000000602c00000, 0x0000000602c00000, 0x0000000602e00000|  0%| F|  |TAMS 0x0000000602c00000, 0x0000000602c00000| Untracked 
|  23|0x0000000602e00000, 0x0000000602e00000, 0x0000000603000000|  0%| F|  |TAMS 0x0000000602e00000, 0x0000000602e00000| Untracked 
|  24|0x0000000603000000, 0x0000000603000000, 0x0000000603200000|  0%| F|  |TAMS 0x0000000603000000, 0x0000000603000000| Untracked 
|  25|0x0000000603200000, 0x0000000603200000, 0x0000000603400000|  0%| F|  |TAMS 0x0000000603200000, 0x0000000603200000| Untracked 
|  26|0x0000000603400000, 0x0000000603400000, 0x0000000603600000|  0%| F|  |TAMS 0x0000000603400000, 0x0000000603400000| Untracked 
|  27|0x0000000603600000, 0x0000000603600000, 0x0000000603800000|  0%| F|  |TAMS 0x0000000603600000, 0x0000000603600000| Untracked 
|  28|0x0000000603800000, 0x0000000603800000, 0x0000000603a00000|  0%| F|  |TAMS 0x0000000603800000, 0x0000000603800000| Untracked 
|  29|0x0000000603a00000, 0x0000000603a00000, 0x0000000603c00000|  0%| F|  |TAMS 0x0000000603a00000, 0x0000000603a00000| Untracked 
|  30|0x0000000603c00000, 0x0000000603c00000, 0x0000000603e00000|  0%| F|  |TAMS 0x0000000603c00000, 0x0000000603c00000| Untracked 
|  31|0x0000000603e00000, 0x0000000603e00000, 0x0000000604000000|  0%| F|  |TAMS 0x0000000603e00000, 0x0000000603e00000| Untracked 
|  32|0x0000000604000000, 0x0000000604000000, 0x0000000604200000|  0%| F|  |TAMS 0x0000000604000000, 0x0000000604000000| Untracked 
|  33|0x0000000604200000, 0x0000000604200000, 0x0000000604400000|  0%| F|  |TAMS 0x0000000604200000, 0x0000000604200000| Untracked 
|  34|0x0000000604400000, 0x0000000604400000, 0x0000000604600000|  0%| F|  |TAMS 0x0000000604400000, 0x0000000604400000| Untracked 
|  35|0x0000000604600000, 0x0000000604600000, 0x0000000604800000|  0%| F|  |TAMS 0x0000000604600000, 0x0000000604600000| Untracked 
|  36|0x0000000604800000, 0x0000000604800000, 0x0000000604a00000|  0%| F|  |TAMS 0x0000000604800000, 0x0000000604800000| Untracked 
|  37|0x0000000604a00000, 0x0000000604a00000, 0x0000000604c00000|  0%| F|  |TAMS 0x0000000604a00000, 0x0000000604a00000| Untracked 
|  38|0x0000000604c00000, 0x0000000604c00000, 0x0000000604e00000|  0%| F|  |TAMS 0x0000000604c00000, 0x0000000604c00000| Untracked 
|  39|0x0000000604e00000, 0x0000000604e00000, 0x0000000605000000|  0%| F|  |TAMS 0x0000000604e00000, 0x0000000604e00000| Untracked 
|  40|0x0000000605000000, 0x0000000605000000, 0x0000000605200000|  0%| F|  |TAMS 0x0000000605000000, 0x0000000605000000| Untracked 
|  41|0x0000000605200000, 0x0000000605200000, 0x0000000605400000|  0%| F|  |TAMS 0x0000000605200000, 0x0000000605200000| Untracked 
|  42|0x0000000605400000, 0x0000000605400000, 0x0000000605600000|  0%| F|  |TAMS 0x0000000605400000, 0x0000000605400000| Untracked 
|  43|0x0000000605600000, 0x0000000605600000, 0x0000000605800000|  0%| F|  |TAMS 0x0000000605600000, 0x0000000605600000| Untracked 
|  44|0x0000000605800000, 0x0000000605800000, 0x0000000605a00000|  0%| F|  |TAMS 0x0000000605800000, 0x0000000605800000| Untracked 
|  45|0x0000000605a00000, 0x0000000605a00000, 0x0000000605c00000|  0%| F|  |TAMS 0x0000000605a00000, 0x0000000605a00000| Untracked 
|  46|0x0000000605c00000, 0x0000000605c00000, 0x0000000605e00000|  0%| F|  |TAMS 0x0000000605c00000, 0x0000000605c00000| Untracked 
|  47|0x0000000605e00000, 0x0000000605e00000, 0x0000000606000000|  0%| F|  |TAMS 0x0000000605e00000, 0x0000000605e00000| Untracked 
|  48|0x0000000606000000, 0x0000000606000000, 0x0000000606200000|  0%| F|  |TAMS 0x0000000606000000, 0x0000000606000000| Untracked 
|  49|0x0000000606200000, 0x0000000606200000, 0x0000000606400000|  0%| F|  |TAMS 0x0000000606200000, 0x0000000606200000| Untracked 
|  50|0x0000000606400000, 0x0000000606400000, 0x0000000606600000|  0%| F|  |TAMS 0x0000000606400000, 0x0000000606400000| Untracked 
|  51|0x0000000606600000, 0x0000000606600000, 0x0000000606800000|  0%| F|  |TAMS 0x0000000606600000, 0x0000000606600000| Untracked 
|  52|0x0000000606800000, 0x0000000606800000, 0x0000000606a00000|  0%| F|  |TAMS 0x0000000606800000, 0x0000000606800000| Untracked 
|  53|0x0000000606a00000, 0x0000000606a00000, 0x0000000606c00000|  0%| F|  |TAMS 0x0000000606a00000, 0x0000000606a00000| Untracked 
|  54|0x0000000606c00000, 0x0000000606c00000, 0x0000000606e00000|  0%| F|  |TAMS 0x0000000606c00000, 0x0000000606c00000| Untracked 
|  55|0x0000000606e00000, 0x0000000606e00000, 0x0000000607000000|  0%| F|  |TAMS 0x0000000606e00000, 0x0000000606e00000| Untracked 
|  56|0x0000000607000000, 0x0000000607000000, 0x0000000607200000|  0%| F|  |TAMS 0x0000000607000000, 0x0000000607000000| Untracked 
|  57|0x0000000607200000, 0x0000000607200000, 0x0000000607400000|  0%| F|  |TAMS 0x0000000607200000, 0x0000000607200000| Untracked 
|  58|0x0000000607400000, 0x0000000607400000, 0x0000000607600000|  0%| F|  |TAMS 0x0000000607400000, 0x0000000607400000| Untracked 
|  59|0x0000000607600000, 0x0000000607600000, 0x0000000607800000|  0%| F|  |TAMS 0x0000000607600000, 0x0000000607600000| Untracked 
|  60|0x0000000607800000, 0x0000000607800000, 0x0000000607a00000|  0%| F|  |TAMS 0x0000000607800000, 0x0000000607800000| Untracked 
|  61|0x0000000607a00000, 0x0000000607a00000, 0x0000000607c00000|  0%| F|  |TAMS 0x0000000607a00000, 0x0000000607a00000| Untracked 
|  62|0x0000000607c00000, 0x0000000607c00000, 0x0000000607e00000|  0%| F|  |TAMS 0x0000000607c00000, 0x0000000607c00000| Untracked 
|  63|0x0000000607e00000, 0x0000000607e00000, 0x0000000608000000|  0%| F|  |TAMS 0x0000000607e00000, 0x0000000607e00000| Untracked 
|  64|0x0000000608000000, 0x0000000608000000, 0x0000000608200000|  0%| F|  |TAMS 0x0000000608000000, 0x0000000608000000| Untracked 
|  65|0x0000000608200000, 0x0000000608200000, 0x0000000608400000|  0%| F|  |TAMS 0x0000000608200000, 0x0000000608200000| Untracked 
|  66|0x0000000608400000, 0x0000000608400000, 0x0000000608600000|  0%| F|  |TAMS 0x0000000608400000, 0x0000000608400000| Untracked 
|  67|0x0000000608600000, 0x0000000608600000, 0x0000000608800000|  0%| F|  |TAMS 0x0000000608600000, 0x0000000608600000| Untracked 
|  68|0x0000000608800000, 0x0000000608800000, 0x0000000608a00000|  0%| F|  |TAMS 0x0000000608800000, 0x0000000608800000| Untracked 
|  69|0x0000000608a00000, 0x0000000608a00000, 0x0000000608c00000|  0%| F|  |TAMS 0x0000000608a00000, 0x0000000608a00000| Untracked 
|  70|0x0000000608c00000, 0x0000000608c00000, 0x0000000608e00000|  0%| F|  |TAMS 0x0000000608c00000, 0x0000000608c00000| Untracked 
|  71|0x0000000608e00000, 0x0000000608e00000, 0x0000000609000000|  0%| F|  |TAMS 0x0000000608e00000, 0x0000000608e00000| Untracked 
|  72|0x0000000609000000, 0x0000000609000000, 0x0000000609200000|  0%| F|  |TAMS 0x0000000609000000, 0x0000000609000000| Untracked 
|  73|0x0000000609200000, 0x0000000609200000, 0x0000000609400000|  0%| F|  |TAMS 0x0000000609200000, 0x0000000609200000| Untracked 
|  74|0x0000000609400000, 0x0000000609400000, 0x0000000609600000|  0%| F|  |TAMS 0x0000000609400000, 0x0000000609400000| Untracked 
|  75|0x0000000609600000, 0x0000000609600000, 0x0000000609800000|  0%| F|  |TAMS 0x0000000609600000, 0x0000000609600000| Untracked 
|  76|0x0000000609800000, 0x0000000609800000, 0x0000000609a00000|  0%| F|  |TAMS 0x0000000609800000, 0x0000000609800000| Untracked 
|  77|0x0000000609a00000, 0x0000000609a00000, 0x0000000609c00000|  0%| F|  |TAMS 0x0000000609a00000, 0x0000000609a00000| Untracked 
|  78|0x0000000609c00000, 0x0000000609c00000, 0x0000000609e00000|  0%| F|  |TAMS 0x0000000609c00000, 0x0000000609c00000| Untracked 
|  79|0x0000000609e00000, 0x0000000609e00000, 0x000000060a000000|  0%| F|  |TAMS 0x0000000609e00000, 0x0000000609e00000| Untracked 
|  80|0x000000060a000000, 0x000000060a000000, 0x000000060a200000|  0%| F|  |TAMS 0x000000060a000000, 0x000000060a000000| Untracked 
|  81|0x000000060a200000, 0x000000060a200000, 0x000000060a400000|  0%| F|  |TAMS 0x000000060a200000, 0x000000060a200000| Untracked 
|  82|0x000000060a400000, 0x000000060a400000, 0x000000060a600000|  0%| F|  |TAMS 0x000000060a400000, 0x000000060a400000| Untracked 
|  83|0x000000060a600000, 0x000000060a600000, 0x000000060a800000|  0%| F|  |TAMS 0x000000060a600000, 0x000000060a600000| Untracked 
|  84|0x000000060a800000, 0x000000060a800000, 0x000000060aa00000|  0%| F|  |TAMS 0x000000060a800000, 0x000000060a800000| Untracked 
|  85|0x000000060aa00000, 0x000000060aa00000, 0x000000060ac00000|  0%| F|  |TAMS 0x000000060aa00000, 0x000000060aa00000| Untracked 
|  86|0x000000060ac00000, 0x000000060ac00000, 0x000000060ae00000|  0%| F|  |TAMS 0x000000060ac00000, 0x000000060ac00000| Untracked 
|  87|0x000000060ae00000, 0x000000060ae00000, 0x000000060b000000|  0%| F|  |TAMS 0x000000060ae00000, 0x000000060ae00000| Untracked 
|  88|0x000000060b000000, 0x000000060b000000, 0x000000060b200000|  0%| F|  |TAMS 0x000000060b000000, 0x000000060b000000| Untracked 
|  89|0x000000060b200000, 0x000000060b200000, 0x000000060b400000|  0%| F|  |TAMS 0x000000060b200000, 0x000000060b200000| Untracked 
|  90|0x000000060b400000, 0x000000060b400000, 0x000000060b600000|  0%| F|  |TAMS 0x000000060b400000, 0x000000060b400000| Untracked 
|  91|0x000000060b600000, 0x000000060b600000, 0x000000060b800000|  0%| F|  |TAMS 0x000000060b600000, 0x000000060b600000| Untracked 
|  92|0x000000060b800000, 0x000000060b800000, 0x000000060ba00000|  0%| F|  |TAMS 0x000000060b800000, 0x000000060b800000| Untracked 
|  93|0x000000060ba00000, 0x000000060ba00000, 0x000000060bc00000|  0%| F|  |TAMS 0x000000060ba00000, 0x000000060ba00000| Untracked 
|  94|0x000000060bc00000, 0x000000060bc00000, 0x000000060be00000|  0%| F|  |TAMS 0x000000060bc00000, 0x000000060bc00000| Untracked 
|  95|0x000000060be00000, 0x000000060be00000, 0x000000060c000000|  0%| F|  |TAMS 0x000000060be00000, 0x000000060be00000| Untracked 
|  96|0x000000060c000000, 0x000000060c000000, 0x000000060c200000|  0%| F|  |TAMS 0x000000060c000000, 0x000000060c000000| Untracked 
|  97|0x000000060c200000, 0x000000060c200000, 0x000000060c400000|  0%| F|  |TAMS 0x000000060c200000, 0x000000060c200000| Untracked 
|  98|0x000000060c400000, 0x000000060c400000, 0x000000060c600000|  0%| F|  |TAMS 0x000000060c400000, 0x000000060c400000| Untracked 
|  99|0x000000060c600000, 0x000000060c600000, 0x000000060c800000|  0%| F|  |TAMS 0x000000060c600000, 0x000000060c600000| Untracked 
| 100|0x000000060c800000, 0x000000060c800000, 0x000000060ca00000|  0%| F|  |TAMS 0x000000060c800000, 0x000000060c800000| Untracked 
| 101|0x000000060ca00000, 0x000000060ca00000, 0x000000060cc00000|  0%| F|  |TAMS 0x000000060ca00000, 0x000000060ca00000| Untracked 
| 102|0x000000060cc00000, 0x000000060cc00000, 0x000000060ce00000|  0%| F|  |TAMS 0x000000060cc00000, 0x000000060cc00000| Untracked 
| 103|0x000000060ce00000, 0x000000060ce00000, 0x000000060d000000|  0%| F|  |TAMS 0x000000060ce00000, 0x000000060ce00000| Untracked 
| 104|0x000000060d000000, 0x000000060d000000, 0x000000060d200000|  0%| F|  |TAMS 0x000000060d000000, 0x000000060d000000| Untracked 
| 105|0x000000060d200000, 0x000000060d200000, 0x000000060d400000|  0%| F|  |TAMS 0x000000060d200000, 0x000000060d200000| Untracked 
| 106|0x000000060d400000, 0x000000060d400000, 0x000000060d600000|  0%| F|  |TAMS 0x000000060d400000, 0x000000060d400000| Untracked 
| 107|0x000000060d600000, 0x000000060d600000, 0x000000060d800000|  0%| F|  |TAMS 0x000000060d600000, 0x000000060d600000| Untracked 
| 108|0x000000060d800000, 0x000000060d800000, 0x000000060da00000|  0%| F|  |TAMS 0x000000060d800000, 0x000000060d800000| Untracked 
| 109|0x000000060da00000, 0x000000060da00000, 0x000000060dc00000|  0%| F|  |TAMS 0x000000060da00000, 0x000000060da00000| Untracked 
| 110|0x000000060dc00000, 0x000000060dc00000, 0x000000060de00000|  0%| F|  |TAMS 0x000000060dc00000, 0x000000060dc00000| Untracked 
| 111|0x000000060de00000, 0x000000060de00000, 0x000000060e000000|  0%| F|  |TAMS 0x000000060de00000, 0x000000060de00000| Untracked 
| 112|0x000000060e000000, 0x000000060e000000, 0x000000060e200000|  0%| F|  |TAMS 0x000000060e000000, 0x000000060e000000| Untracked 
| 113|0x000000060e200000, 0x000000060e200000, 0x000000060e400000|  0%| F|  |TAMS 0x000000060e200000, 0x000000060e200000| Untracked 
| 114|0x000000060e400000, 0x000000060e400000, 0x000000060e600000|  0%| F|  |TAMS 0x000000060e400000, 0x000000060e400000| Untracked 
| 115|0x000000060e600000, 0x000000060e600000, 0x000000060e800000|  0%| F|  |TAMS 0x000000060e600000, 0x000000060e600000| Untracked 
| 116|0x000000060e800000, 0x000000060e800000, 0x000000060ea00000|  0%| F|  |TAMS 0x000000060e800000, 0x000000060e800000| Untracked 
| 117|0x000000060ea00000, 0x000000060ea00000, 0x000000060ec00000|  0%| F|  |TAMS 0x000000060ea00000, 0x000000060ea00000| Untracked 
| 118|0x000000060ec00000, 0x000000060ec00000, 0x000000060ee00000|  0%| F|  |TAMS 0x000000060ec00000, 0x000000060ec00000| Untracked 
| 119|0x000000060ee00000, 0x000000060ee00000, 0x000000060f000000|  0%| F|  |TAMS 0x000000060ee00000, 0x000000060ee00000| Untracked 
| 120|0x000000060f000000, 0x000000060f000000, 0x000000060f200000|  0%| F|  |TAMS 0x000000060f000000, 0x000000060f000000| Untracked 
| 121|0x000000060f200000, 0x000000060f200000, 0x000000060f400000|  0%| F|  |TAMS 0x000000060f200000, 0x000000060f200000| Untracked 
| 122|0x000000060f400000, 0x000000060f400000, 0x000000060f600000|  0%| F|  |TAMS 0x000000060f400000, 0x000000060f400000| Untracked 
| 123|0x000000060f600000, 0x000000060f600000, 0x000000060f800000|  0%| F|  |TAMS 0x000000060f600000, 0x000000060f600000| Untracked 
| 124|0x000000060f800000, 0x000000060f800000, 0x000000060fa00000|  0%| F|  |TAMS 0x000000060f800000, 0x000000060f800000| Untracked 
| 125|0x000000060fa00000, 0x000000060fa00000, 0x000000060fc00000|  0%| F|  |TAMS 0x000000060fa00000, 0x000000060fa00000| Untracked 
| 126|0x000000060fc00000, 0x000000060fc00000, 0x000000060fe00000|  0%| F|  |TAMS 0x000000060fc00000, 0x000000060fc00000| Untracked 
| 127|0x000000060fe00000, 0x000000060fe00000, 0x0000000610000000|  0%| F|  |TAMS 0x000000060fe00000, 0x000000060fe00000| Untracked 
| 128|0x0000000610000000, 0x0000000610000000, 0x0000000610200000|  0%| F|  |TAMS 0x0000000610000000, 0x0000000610000000| Untracked 
| 129|0x0000000610200000, 0x0000000610200000, 0x0000000610400000|  0%| F|  |TAMS 0x0000000610200000, 0x0000000610200000| Untracked 
| 130|0x0000000610400000, 0x0000000610400000, 0x0000000610600000|  0%| F|  |TAMS 0x0000000610400000, 0x0000000610400000| Untracked 
| 131|0x0000000610600000, 0x0000000610600000, 0x0000000610800000|  0%| F|  |TAMS 0x0000000610600000, 0x0000000610600000| Untracked 
| 132|0x0000000610800000, 0x0000000610800000, 0x0000000610a00000|  0%| F|  |TAMS 0x0000000610800000, 0x0000000610800000| Untracked 
| 133|0x0000000610a00000, 0x0000000610a00000, 0x0000000610c00000|  0%| F|  |TAMS 0x0000000610a00000, 0x0000000610a00000| Untracked 
| 134|0x0000000610c00000, 0x0000000610c00000, 0x0000000610e00000|  0%| F|  |TAMS 0x0000000610c00000, 0x0000000610c00000| Untracked 
| 135|0x0000000610e00000, 0x0000000610e00000, 0x0000000611000000|  0%| F|  |TAMS 0x0000000610e00000, 0x0000000610e00000| Untracked 
| 136|0x0000000611000000, 0x0000000611000000, 0x0000000611200000|  0%| F|  |TAMS 0x0000000611000000, 0x0000000611000000| Untracked 
| 137|0x0000000611200000, 0x0000000611200000, 0x0000000611400000|  0%| F|  |TAMS 0x0000000611200000, 0x0000000611200000| Untracked 
| 138|0x0000000611400000, 0x0000000611400000, 0x0000000611600000|  0%| F|  |TAMS 0x0000000611400000, 0x0000000611400000| Untracked 
| 139|0x0000000611600000, 0x0000000611600000, 0x0000000611800000|  0%| F|  |TAMS 0x0000000611600000, 0x0000000611600000| Untracked 
| 140|0x0000000611800000, 0x0000000611800000, 0x0000000611a00000|  0%| F|  |TAMS 0x0000000611800000, 0x0000000611800000| Untracked 
| 141|0x0000000611a00000, 0x0000000611a00000, 0x0000000611c00000|  0%| F|  |TAMS 0x0000000611a00000, 0x0000000611a00000| Untracked 
| 142|0x0000000611c00000, 0x0000000611c00000, 0x0000000611e00000|  0%| F|  |TAMS 0x0000000611c00000, 0x0000000611c00000| Untracked 
| 143|0x0000000611e00000, 0x0000000611e00000, 0x0000000612000000|  0%| F|  |TAMS 0x0000000611e00000, 0x0000000611e00000| Untracked 
| 144|0x0000000612000000, 0x0000000612000000, 0x0000000612200000|  0%| F|  |TAMS 0x0000000612000000, 0x0000000612000000| Untracked 
| 145|0x0000000612200000, 0x0000000612200000, 0x0000000612400000|  0%| F|  |TAMS 0x0000000612200000, 0x0000000612200000| Untracked 
| 146|0x0000000612400000, 0x0000000612400000, 0x0000000612600000|  0%| F|  |TAMS 0x0000000612400000, 0x0000000612400000| Untracked 
| 147|0x0000000612600000, 0x0000000612600000, 0x0000000612800000|  0%| F|  |TAMS 0x0000000612600000, 0x0000000612600000| Untracked 
| 148|0x0000000612800000, 0x0000000612800000, 0x0000000612a00000|  0%| F|  |TAMS 0x0000000612800000, 0x0000000612800000| Untracked 
| 149|0x0000000612a00000, 0x0000000612a00000, 0x0000000612c00000|  0%| F|  |TAMS 0x0000000612a00000, 0x0000000612a00000| Untracked 
| 150|0x0000000612c00000, 0x0000000612c00000, 0x0000000612e00000|  0%| F|  |TAMS 0x0000000612c00000, 0x0000000612c00000| Untracked 
| 151|0x0000000612e00000, 0x0000000612e00000, 0x0000000613000000|  0%| F|  |TAMS 0x0000000612e00000, 0x0000000612e00000| Untracked 
| 152|0x0000000613000000, 0x0000000613000000, 0x0000000613200000|  0%| F|  |TAMS 0x0000000613000000, 0x0000000613000000| Untracked 
| 153|0x0000000613200000, 0x0000000613200000, 0x0000000613400000|  0%| F|  |TAMS 0x0000000613200000, 0x0000000613200000| Untracked 
| 154|0x0000000613400000, 0x0000000613400000, 0x0000000613600000|  0%| F|  |TAMS 0x0000000613400000, 0x0000000613400000| Untracked 
| 155|0x0000000613600000, 0x0000000613600000, 0x0000000613800000|  0%| F|  |TAMS 0x0000000613600000, 0x0000000613600000| Untracked 
| 156|0x0000000613800000, 0x0000000613800000, 0x0000000613a00000|  0%| F|  |TAMS 0x0000000613800000, 0x0000000613800000| Untracked 
| 157|0x0000000613a00000, 0x0000000613a00000, 0x0000000613c00000|  0%| F|  |TAMS 0x0000000613a00000, 0x0000000613a00000| Untracked 
| 158|0x0000000613c00000, 0x0000000613c00000, 0x0000000613e00000|  0%| F|  |TAMS 0x0000000613c00000, 0x0000000613c00000| Untracked 
| 159|0x0000000613e00000, 0x0000000613e00000, 0x0000000614000000|  0%| F|  |TAMS 0x0000000613e00000, 0x0000000613e00000| Untracked 
| 160|0x0000000614000000, 0x0000000614000000, 0x0000000614200000|  0%| F|  |TAMS 0x0000000614000000, 0x0000000614000000| Untracked 
| 161|0x0000000614200000, 0x0000000614200000, 0x0000000614400000|  0%| F|  |TAMS 0x0000000614200000, 0x0000000614200000| Untracked 
| 162|0x0000000614400000, 0x0000000614400000, 0x0000000614600000|  0%| F|  |TAMS 0x0000000614400000, 0x0000000614400000| Untracked 
| 163|0x0000000614600000, 0x0000000614600000, 0x0000000614800000|  0%| F|  |TAMS 0x0000000614600000, 0x0000000614600000| Untracked 
| 164|0x0000000614800000, 0x0000000614800000, 0x0000000614a00000|  0%| F|  |TAMS 0x0000000614800000, 0x0000000614800000| Untracked 
| 165|0x0000000614a00000, 0x0000000614a00000, 0x0000000614c00000|  0%| F|  |TAMS 0x0000000614a00000, 0x0000000614a00000| Untracked 
| 166|0x0000000614c00000, 0x0000000614c00000, 0x0000000614e00000|  0%| F|  |TAMS 0x0000000614c00000, 0x0000000614c00000| Untracked 
| 167|0x0000000614e00000, 0x0000000614e00000, 0x0000000615000000|  0%| F|  |TAMS 0x0000000614e00000, 0x0000000614e00000| Untracked 
| 168|0x0000000615000000, 0x0000000615000000, 0x0000000615200000|  0%| F|  |TAMS 0x0000000615000000, 0x0000000615000000| Untracked 
| 169|0x0000000615200000, 0x0000000615200000, 0x0000000615400000|  0%| F|  |TAMS 0x0000000615200000, 0x0000000615200000| Untracked 
| 170|0x0000000615400000, 0x0000000615400000, 0x0000000615600000|  0%| F|  |TAMS 0x0000000615400000, 0x0000000615400000| Untracked 
| 171|0x0000000615600000, 0x0000000615600000, 0x0000000615800000|  0%| F|  |TAMS 0x0000000615600000, 0x0000000615600000| Untracked 
| 172|0x0000000615800000, 0x0000000615800000, 0x0000000615a00000|  0%| F|  |TAMS 0x0000000615800000, 0x0000000615800000| Untracked 
| 173|0x0000000615a00000, 0x0000000615a00000, 0x0000000615c00000|  0%| F|  |TAMS 0x0000000615a00000, 0x0000000615a00000| Untracked 
| 174|0x0000000615c00000, 0x0000000615c00000, 0x0000000615e00000|  0%| F|  |TAMS 0x0000000615c00000, 0x0000000615c00000| Untracked 
| 175|0x0000000615e00000, 0x0000000615e00000, 0x0000000616000000|  0%| F|  |TAMS 0x0000000615e00000, 0x0000000615e00000| Untracked 
| 176|0x0000000616000000, 0x0000000616000000, 0x0000000616200000|  0%| F|  |TAMS 0x0000000616000000, 0x0000000616000000| Untracked 
| 177|0x0000000616200000, 0x0000000616200000, 0x0000000616400000|  0%| F|  |TAMS 0x0000000616200000, 0x0000000616200000| Untracked 
| 178|0x0000000616400000, 0x0000000616400000, 0x0000000616600000|  0%| F|  |TAMS 0x0000000616400000, 0x0000000616400000| Untracked 
| 179|0x0000000616600000, 0x0000000616600000, 0x0000000616800000|  0%| F|  |TAMS 0x0000000616600000, 0x0000000616600000| Untracked 
| 180|0x0000000616800000, 0x0000000616800000, 0x0000000616a00000|  0%| F|  |TAMS 0x0000000616800000, 0x0000000616800000| Untracked 
| 181|0x0000000616a00000, 0x0000000616a00000, 0x0000000616c00000|  0%| F|  |TAMS 0x0000000616a00000, 0x0000000616a00000| Untracked 
| 182|0x0000000616c00000, 0x0000000616c00000, 0x0000000616e00000|  0%| F|  |TAMS 0x0000000616c00000, 0x0000000616c00000| Untracked 
| 183|0x0000000616e00000, 0x0000000616e00000, 0x0000000617000000|  0%| F|  |TAMS 0x0000000616e00000, 0x0000000616e00000| Untracked 
| 184|0x0000000617000000, 0x0000000617000000, 0x0000000617200000|  0%| F|  |TAMS 0x0000000617000000, 0x0000000617000000| Untracked 
| 185|0x0000000617200000, 0x0000000617200000, 0x0000000617400000|  0%| F|  |TAMS 0x0000000617200000, 0x0000000617200000| Untracked 
| 186|0x0000000617400000, 0x0000000617400000, 0x0000000617600000|  0%| F|  |TAMS 0x0000000617400000, 0x0000000617400000| Untracked 
| 187|0x0000000617600000, 0x0000000617600000, 0x0000000617800000|  0%| F|  |TAMS 0x0000000617600000, 0x0000000617600000| Untracked 
| 188|0x0000000617800000, 0x0000000617800000, 0x0000000617a00000|  0%| F|  |TAMS 0x0000000617800000, 0x0000000617800000| Untracked 
| 189|0x0000000617a00000, 0x0000000617a00000, 0x0000000617c00000|  0%| F|  |TAMS 0x0000000617a00000, 0x0000000617a00000| Untracked 
| 190|0x0000000617c00000, 0x0000000617c00000, 0x0000000617e00000|  0%| F|  |TAMS 0x0000000617c00000, 0x0000000617c00000| Untracked 
| 191|0x0000000617e00000, 0x0000000617e00000, 0x0000000618000000|  0%| F|  |TAMS 0x0000000617e00000, 0x0000000617e00000| Untracked 
| 192|0x0000000618000000, 0x0000000618000000, 0x0000000618200000|  0%| F|  |TAMS 0x0000000618000000, 0x0000000618000000| Untracked 
| 193|0x0000000618200000, 0x0000000618200000, 0x0000000618400000|  0%| F|  |TAMS 0x0000000618200000, 0x0000000618200000| Untracked 
| 194|0x0000000618400000, 0x0000000618400000, 0x0000000618600000|  0%| F|  |TAMS 0x0000000618400000, 0x0000000618400000| Untracked 
| 195|0x0000000618600000, 0x0000000618600000, 0x0000000618800000|  0%| F|  |TAMS 0x0000000618600000, 0x0000000618600000| Untracked 
| 196|0x0000000618800000, 0x0000000618800000, 0x0000000618a00000|  0%| F|  |TAMS 0x0000000618800000, 0x0000000618800000| Untracked 
| 197|0x0000000618a00000, 0x0000000618a00000, 0x0000000618c00000|  0%| F|  |TAMS 0x0000000618a00000, 0x0000000618a00000| Untracked 
| 198|0x0000000618c00000, 0x0000000618c00000, 0x0000000618e00000|  0%| F|  |TAMS 0x0000000618c00000, 0x0000000618c00000| Untracked 
| 199|0x0000000618e00000, 0x0000000618e00000, 0x0000000619000000|  0%| F|  |TAMS 0x0000000618e00000, 0x0000000618e00000| Untracked 
| 200|0x0000000619000000, 0x0000000619000000, 0x0000000619200000|  0%| F|  |TAMS 0x0000000619000000, 0x0000000619000000| Untracked 
| 201|0x0000000619200000, 0x0000000619200000, 0x0000000619400000|  0%| F|  |TAMS 0x0000000619200000, 0x0000000619200000| Untracked 
| 202|0x0000000619400000, 0x0000000619400000, 0x0000000619600000|  0%| F|  |TAMS 0x0000000619400000, 0x0000000619400000| Untracked 
| 203|0x0000000619600000, 0x0000000619600000, 0x0000000619800000|  0%| F|  |TAMS 0x0000000619600000, 0x0000000619600000| Untracked 
| 204|0x0000000619800000, 0x0000000619800000, 0x0000000619a00000|  0%| F|  |TAMS 0x0000000619800000, 0x0000000619800000| Untracked 
| 205|0x0000000619a00000, 0x0000000619a00000, 0x0000000619c00000|  0%| F|  |TAMS 0x0000000619a00000, 0x0000000619a00000| Untracked 
| 206|0x0000000619c00000, 0x0000000619c00000, 0x0000000619e00000|  0%| F|  |TAMS 0x0000000619c00000, 0x0000000619c00000| Untracked 
| 207|0x0000000619e00000, 0x0000000619e00000, 0x000000061a000000|  0%| F|  |TAMS 0x0000000619e00000, 0x0000000619e00000| Untracked 
| 208|0x000000061a000000, 0x000000061a000000, 0x000000061a200000|  0%| F|  |TAMS 0x000000061a000000, 0x000000061a000000| Untracked 
| 209|0x000000061a200000, 0x000000061a200000, 0x000000061a400000|  0%| F|  |TAMS 0x000000061a200000, 0x000000061a200000| Untracked 
| 210|0x000000061a400000, 0x000000061a400000, 0x000000061a600000|  0%| F|  |TAMS 0x000000061a400000, 0x000000061a400000| Untracked 
| 211|0x000000061a600000, 0x000000061a600000, 0x000000061a800000|  0%| F|  |TAMS 0x000000061a600000, 0x000000061a600000| Untracked 
| 212|0x000000061a800000, 0x000000061a800000, 0x000000061aa00000|  0%| F|  |TAMS 0x000000061a800000, 0x000000061a800000| Untracked 
| 213|0x000000061aa00000, 0x000000061aa00000, 0x000000061ac00000|  0%| F|  |TAMS 0x000000061aa00000, 0x000000061aa00000| Untracked 
| 214|0x000000061ac00000, 0x000000061ac00000, 0x000000061ae00000|  0%| F|  |TAMS 0x000000061ac00000, 0x000000061ac00000| Untracked 
| 215|0x000000061ae00000, 0x000000061ae00000, 0x000000061b000000|  0%| F|  |TAMS 0x000000061ae00000, 0x000000061ae00000| Untracked 
| 216|0x000000061b000000, 0x000000061b000000, 0x000000061b200000|  0%| F|  |TAMS 0x000000061b000000, 0x000000061b000000| Untracked 
| 217|0x000000061b200000, 0x000000061b200000, 0x000000061b400000|  0%| F|  |TAMS 0x000000061b200000, 0x000000061b200000| Untracked 
| 218|0x000000061b400000, 0x000000061b400000, 0x000000061b600000|  0%| F|  |TAMS 0x000000061b400000, 0x000000061b400000| Untracked 
| 219|0x000000061b600000, 0x000000061b600000, 0x000000061b800000|  0%| F|  |TAMS 0x000000061b600000, 0x000000061b600000| Untracked 
| 220|0x000000061b800000, 0x000000061b800000, 0x000000061ba00000|  0%| F|  |TAMS 0x000000061b800000, 0x000000061b800000| Untracked 
| 221|0x000000061ba00000, 0x000000061ba00000, 0x000000061bc00000|  0%| F|  |TAMS 0x000000061ba00000, 0x000000061ba00000| Untracked 
| 222|0x000000061bc00000, 0x000000061bc00000, 0x000000061be00000|  0%| F|  |TAMS 0x000000061bc00000, 0x000000061bc00000| Untracked 
| 223|0x000000061be00000, 0x000000061be00000, 0x000000061c000000|  0%| F|  |TAMS 0x000000061be00000, 0x000000061be00000| Untracked 
| 224|0x000000061c000000, 0x000000061c000000, 0x000000061c200000|  0%| F|  |TAMS 0x000000061c000000, 0x000000061c000000| Untracked 
| 225|0x000000061c200000, 0x000000061c200000, 0x000000061c400000|  0%| F|  |TAMS 0x000000061c200000, 0x000000061c200000| Untracked 
| 226|0x000000061c400000, 0x000000061c400000, 0x000000061c600000|  0%| F|  |TAMS 0x000000061c400000, 0x000000061c400000| Untracked 
| 227|0x000000061c600000, 0x000000061c600000, 0x000000061c800000|  0%| F|  |TAMS 0x000000061c600000, 0x000000061c600000| Untracked 
| 228|0x000000061c800000, 0x000000061c800000, 0x000000061ca00000|  0%| F|  |TAMS 0x000000061c800000, 0x000000061c800000| Untracked 
| 229|0x000000061ca00000, 0x000000061ca00000, 0x000000061cc00000|  0%| F|  |TAMS 0x000000061ca00000, 0x000000061ca00000| Untracked 
| 230|0x000000061cc00000, 0x000000061cc00000, 0x000000061ce00000|  0%| F|  |TAMS 0x000000061cc00000, 0x000000061cc00000| Untracked 
| 231|0x000000061ce00000, 0x000000061ce00000, 0x000000061d000000|  0%| F|  |TAMS 0x000000061ce00000, 0x000000061ce00000| Untracked 
| 232|0x000000061d000000, 0x000000061d000000, 0x000000061d200000|  0%| F|  |TAMS 0x000000061d000000, 0x000000061d000000| Untracked 
| 233|0x000000061d200000, 0x000000061d200000, 0x000000061d400000|  0%| F|  |TAMS 0x000000061d200000, 0x000000061d200000| Untracked 
| 234|0x000000061d400000, 0x000000061d400000, 0x000000061d600000|  0%| F|  |TAMS 0x000000061d400000, 0x000000061d400000| Untracked 
| 235|0x000000061d600000, 0x000000061d600000, 0x000000061d800000|  0%| F|  |TAMS 0x000000061d600000, 0x000000061d600000| Untracked 
| 236|0x000000061d800000, 0x000000061d800000, 0x000000061da00000|  0%| F|  |TAMS 0x000000061d800000, 0x000000061d800000| Untracked 
| 237|0x000000061da00000, 0x000000061da00000, 0x000000061dc00000|  0%| F|  |TAMS 0x000000061da00000, 0x000000061da00000| Untracked 
| 238|0x000000061dc00000, 0x000000061dc00000, 0x000000061de00000|  0%| F|  |TAMS 0x000000061dc00000, 0x000000061dc00000| Untracked 
| 239|0x000000061de00000, 0x000000061de00000, 0x000000061e000000|  0%| F|  |TAMS 0x000000061de00000, 0x000000061de00000| Untracked 
| 240|0x000000061e000000, 0x000000061e000000, 0x000000061e200000|  0%| F|  |TAMS 0x000000061e000000, 0x000000061e000000| Untracked 
| 241|0x000000061e200000, 0x000000061e200000, 0x000000061e400000|  0%| F|  |TAMS 0x000000061e200000, 0x000000061e200000| Untracked 
| 242|0x000000061e400000, 0x000000061e400000, 0x000000061e600000|  0%| F|  |TAMS 0x000000061e400000, 0x000000061e400000| Untracked 
| 243|0x000000061e600000, 0x000000061e600000, 0x000000061e800000|  0%| F|  |TAMS 0x000000061e600000, 0x000000061e600000| Untracked 
| 244|0x000000061e800000, 0x000000061e800000, 0x000000061ea00000|  0%| F|  |TAMS 0x000000061e800000, 0x000000061e800000| Untracked 
| 245|0x000000061ea00000, 0x000000061ea00000, 0x000000061ec00000|  0%| F|  |TAMS 0x000000061ea00000, 0x000000061ea00000| Untracked 
| 246|0x000000061ec00000, 0x000000061ec00000, 0x000000061ee00000|  0%| F|  |TAMS 0x000000061ec00000, 0x000000061ec00000| Untracked 
| 247|0x000000061ee00000, 0x000000061ee00000, 0x000000061f000000|  0%| F|  |TAMS 0x000000061ee00000, 0x000000061ee00000| Untracked 
| 248|0x000000061f000000, 0x000000061f000000, 0x000000061f200000|  0%| F|  |TAMS 0x000000061f000000, 0x000000061f000000| Untracked 
| 249|0x000000061f200000, 0x000000061f200000, 0x000000061f400000|  0%| F|  |TAMS 0x000000061f200000, 0x000000061f200000| Untracked 
| 250|0x000000061f400000, 0x000000061f400000, 0x000000061f600000|  0%| F|  |TAMS 0x000000061f400000, 0x000000061f400000| Untracked 
| 251|0x000000061f600000, 0x000000061f7a9978, 0x000000061f800000| 83%| E|  |TAMS 0x000000061f600000, 0x000000061f600000| Complete 
| 252|0x000000061f800000, 0x000000061fa00000, 0x000000061fa00000|100%| E|CS|TAMS 0x000000061f800000, 0x000000061f800000| Complete 
| 253|0x000000061fa00000, 0x000000061fc00000, 0x000000061fc00000|100%| E|CS|TAMS 0x000000061fa00000, 0x000000061fa00000| Complete 
| 254|0x000000061fc00000, 0x000000061fe00000, 0x000000061fe00000|100%| E|  |TAMS 0x000000061fc00000, 0x000000061fc00000| Complete 
| 255|0x000000061fe00000, 0x0000000620000000, 0x0000000620000000|100%| E|CS|TAMS 0x000000061fe00000, 0x000000061fe00000| Complete 

Card table byte_map: [0x00000001219eb000,0x00000001229eb000] _byte_map_base: 0x000000011e9eb000

Marking Bits (Prev, Next): (CMBitMap*) 0x00007fdd8a038818, (CMBitMap*) 0x00007fdd8a038850
 Prev Bits: [0x00000001239eb000, 0x000000012b9eb000)
 Next Bits: [0x000000012b9eb000, 0x00000001339eb000)

Polling page: 0x0000000107219000

Metaspace:

Usage:
  Non-class:      5.93 MB capacity,     5.86 MB ( 99%) used,    75.09 KB (  1%) free+waste,     4.19 KB ( <1%) overhead. 
      Class:    575.00 KB capacity,   556.89 KB ( 97%) used,    16.30 KB (  3%) free+waste,     1.81 KB ( <1%) overhead. 
       Both:      6.50 MB capacity,     6.40 MB ( 99%) used,    91.39 KB (  1%) free+waste,     6.00 KB ( <1%) overhead. 

Virtual space:
  Non-class space:        8.00 MB reserved,       6.00 MB ( 75%) committed 
      Class space:        1.00 GB reserved,     640.00 KB ( <1%) committed 
             Both:        1.01 GB reserved,       6.62 MB ( <1%) committed 

Chunk freelists:
   Non-Class:  28.00 KB
       Class:  1.00 KB
        Both:  29.00 KB

MaxMetaspaceSize: unlimited
CompressedClassSpaceSize: 1.00 GB

CodeHeap 'non-profiled nmethods': size=120032Kb used=117Kb max_used=117Kb free=119914Kb
 bounds [0x00000001194b3000, 0x0000000119723000, 0x00000001209eb000]
CodeHeap 'profiled nmethods': size=120028Kb used=568Kb max_used=568Kb free=119460Kb
 bounds [0x0000000111f7c000, 0x00000001121ec000, 0x00000001194b3000]
CodeHeap 'non-nmethods': size=5700Kb used=1105Kb max_used=1117Kb free=4594Kb
 bounds [0x00000001119eb000, 0x0000000111c5b000, 0x0000000111f7c000]
 total_blobs=730 nmethods=400 adapters=251
 compilation: enabled
              stopped_count=0, restarted_count=0
 full_count=0

Compilation events (20 events):
Event: 0.338 Thread 0x00007fdd8a1c7000  393 %     4       java.lang.StringCoding::hasNegatives @ 2 (25 bytes)
Event: 0.339 Thread 0x00007fdd8a1c7800 nmethod 392 0x0000000112003e10 code [0x00000001120040e0, 0x0000000112004fa0]
Event: 0.339 Thread 0x00007fdd8a1c7800  385       3       java.util.HashSet::<init> (16 bytes)
Event: 0.339 Thread 0x00007fdd8a1c7800 nmethod 385 0x0000000112005510 code [0x0000000112005700, 0x0000000112005b10]
Event: 0.339 Thread 0x00007fdd8a1c7800  386       3       java.lang.String::lastIndexOf (29 bytes)
Event: 0.340 Thread 0x00007fdd8a1c7800 nmethod 386 0x0000000112005c90 code [0x0000000112005e60, 0x0000000112006110]
Event: 0.340 Thread 0x00007fdd8a1c7800  387       3       java.lang.String::lastIndexOf (12 bytes)
Event: 0.340 Thread 0x00007fdd8a1c7800 nmethod 387 0x0000000112006210 code [0x0000000112006400, 0x00000001120067f0]
Event: 0.340 Thread 0x00007fdd8a1c7800  394       3       java.util.concurrent.ConcurrentHashMap::casTabAt (21 bytes)
Event: 0.340 Thread 0x00007fdd8a1c7800 nmethod 394 0x0000000112006990 code [0x0000000112006b40, 0x0000000112006cb0]
Event: 0.340 Thread 0x00007fdd8a1c7800  395       3       jdk.internal.util.jar.JarIndex::get (49 bytes)
Event: 0.341 Thread 0x00007fdd8a1c7800 nmethod 395 0x0000000112006d90 code [0x0000000112006fe0, 0x00000001120078e0]
Event: 0.341 Thread 0x00007fdd8a1c7800  396       3       java.util.WeakHashMap::getTable (9 bytes)
Event: 0.341 Thread 0x00007fdd8a1c7800 nmethod 396 0x0000000112007b90 code [0x0000000112007d40, 0x0000000112007e80]
Event: 0.341 Thread 0x00007fdd8a1c7800  397   !   3       java.util.WeakHashMap::expungeStaleEntries (139 bytes)
Event: 0.342 Thread 0x00007fdd8a1c7800 nmethod 397 0x0000000112007f10 code [0x0000000112008140, 0x0000000112008dc0]
Event: 0.342 Thread 0x00007fdd8a1c7800  399       3       java.lang.invoke.MethodType$ConcurrentWeakInternSet::expungeStaleElements (27 bytes)
Event: 0.342 Thread 0x00007fdd8a1c7800 nmethod 399 0x0000000112009310 code [0x0000000112009500, 0x0000000112009af0]
Event: 0.342 Thread 0x00007fdd8a1c7800  398       3       java.util.WeakHashMap::indexFor (6 bytes)
Event: 0.342 Thread 0x00007fdd8a1c7800 nmethod 398 0x0000000112009d10 code [0x0000000112009ec0, 0x0000000112009f90]

GC Heap History (0 events):
No events

Deoptimization events (20 events):
Event: 0.251 Thread 0x00007fdd8a009000 DEOPT PACKING pc=0x0000000111fc581e sp=0x000070000f2aba70
Event: 0.251 Thread 0x00007fdd8a009000 DEOPT UNPACKING pc=0x0000000111a224ba sp=0x000070000f2aaf80 mode 0
Event: 0.254 Thread 0x00007fdd8a009000 DEOPT PACKING pc=0x0000000111fc489d sp=0x000070000f2ab9a0
Event: 0.254 Thread 0x00007fdd8a009000 DEOPT UNPACKING pc=0x0000000111a224ba sp=0x000070000f2aae48 mode 0
Event: 0.276 Thread 0x00007fdd8a009000 Uncommon trap: trap_request=0xffffff4d fr.pc=0x00000001194c2f1c relative=0x0000000000000ffc
Event: 0.276 Thread 0x00007fdd8a009000 Uncommon trap: reason=unstable_if action=reinterpret pc=0x00000001194c2f1c method=java.util.HashMap.putVal(ILjava/lang/Object;Ljava/lang/Object;ZZ)Ljava/lang/Object; @ 181 c2
Event: 0.276 Thread 0x00007fdd8a009000 DEOPT PACKING pc=0x00000001194c2f1c sp=0x000070000f2aee10
Event: 0.276 Thread 0x00007fdd8a009000 DEOPT UNPACKING pc=0x0000000111a226a5 sp=0x000070000f2aedc0 mode 2
Event: 0.284 Thread 0x00007fdd8a009000 DEOPT PACKING pc=0x0000000111fc489d sp=0x000070000f2abe30
Event: 0.284 Thread 0x00007fdd8a009000 DEOPT UNPACKING pc=0x0000000111a224ba sp=0x000070000f2ab2f0 mode 0
Event: 0.299 Thread 0x00007fdd8a009000 DEOPT PACKING pc=0x0000000111fc489d sp=0x000070000f2abdf0
Event: 0.299 Thread 0x00007fdd8a009000 DEOPT UNPACKING pc=0x0000000111a224ba sp=0x000070000f2ab298 mode 0
Event: 0.314 Thread 0x00007fdd8a009000 DEOPT PACKING pc=0x0000000111fc489d sp=0x000070000f2ab9f0
Event: 0.314 Thread 0x00007fdd8a009000 DEOPT UNPACKING pc=0x0000000111a224ba sp=0x000070000f2aae98 mode 0
Event: 0.327 Thread 0x00007fdd8a009000 DEOPT PACKING pc=0x0000000111fc489d sp=0x000070000f2abd60
Event: 0.327 Thread 0x00007fdd8a009000 DEOPT UNPACKING pc=0x0000000111a224ba sp=0x000070000f2ab208 mode 0
Event: 0.343 Thread 0x00007fdd8a009000 Uncommon trap: trap_request=0xffffff4d fr.pc=0x00000001194b46fc relative=0x000000000000005c
Event: 0.343 Thread 0x00007fdd8a009000 Uncommon trap: reason=unstable_if action=reinterpret pc=0x00000001194b46fc method=java.lang.String.isLatin1()Z @ 10 c2
Event: 0.343 Thread 0x00007fdd8a009000 DEOPT PACKING pc=0x00000001194b46fc sp=0x000070000f2af740
Event: 0.343 Thread 0x00007fdd8a009000 DEOPT UNPACKING pc=0x0000000111a226a5 sp=0x000070000f2af700 mode 2

Classes redefined (0 events):
No events

Internal exceptions (0 events):
No events

Events (20 events):
Event: 0.339 loading class java/util/concurrent/RejectedExecutionException
Event: 0.339 loading class java/util/concurrent/RejectedExecutionException done
Event: 0.339 loading class cn/hutool/core/util/ObjectUtil
Event: 0.339 loading class cn/hutool/core/util/ObjectUtil done
Event: 0.341 loading class java/util/concurrent/ThreadPoolExecutor
Event: 0.341 loading class java/util/concurrent/AbstractExecutorService
Event: 0.341 loading class java/util/concurrent/AbstractExecutorService done
Event: 0.341 loading class java/util/concurrent/ThreadPoolExecutor done
Event: 0.341 loading class java/util/concurrent/locks/AbstractQueuedSynchronizer$ConditionObject
Event: 0.341 loading class java/util/concurrent/locks/Condition
Event: 0.341 loading class java/util/concurrent/locks/Condition done
Event: 0.341 loading class java/util/concurrent/locks/AbstractQueuedSynchronizer$ConditionObject done
Event: 0.342 loading class java/util/concurrent/ThreadPoolExecutor$Worker
Event: 0.342 loading class java/util/concurrent/ThreadPoolExecutor$Worker done
Event: 0.342 loading class java/lang/invoke/VarHandle$AccessDescriptor
Event: 0.342 loading class java/lang/invoke/VarHandle$AccessDescriptor done
Event: 0.342 loading class java/lang/Thread$State
Event: 0.342 loading class java/lang/Thread$State done
Event: 0.343 Thread 0x00007fdd9c018000 Thread added: 0x00007fdd9c018000
Event: 0.343 Protecting memory [0x00007000105ef000,0x00007000105f3000] with protection modes 0


Dynamic libraries:
0x00000001071e5000 	/Library/Java/JavaVirtualMachines/adoptopenjdk-11.jdk/Contents/Home/lib/jli/libjli.dylib
0x00007ff81f47b000 	/System/Library/Frameworks/Cocoa.framework/Versions/A/Cocoa
0x00007ff80b0e4000 	/System/Library/Frameworks/AppKit.framework/Versions/C/AppKit
0x00007ff80e5f7000 	/System/Library/Frameworks/CoreData.framework/Versions/A/CoreData
0x00007ff8094e8000 	/System/Library/Frameworks/Foundation.framework/Versions/C/Foundation
0x00007ff813410000 	/usr/lib/libSystem.B.dylib
0x00007ff80bf73000 	/System/Library/PrivateFrameworks/UIFoundation.framework/Versions/A/UIFoundation
0x00007ff81937f000 	/System/Library/PrivateFrameworks/RemoteViewServices.framework/Versions/A/RemoteViewServices
0x00007ff811665000 	/System/Library/PrivateFrameworks/XCTTargetBootstrap.framework/Versions/A/XCTTargetBootstrap
0x00007ff815217000 	/System/Library/PrivateFrameworks/InternationalSupport.framework/Versions/A/InternationalSupport
0x00007ff8152a1000 	/System/Library/PrivateFrameworks/UserActivity.framework/Versions/A/UserActivity
0x00007ff8145f7000 	/usr/lib/libspindump.dylib
0x00007ff80c201000 	/System/Library/Frameworks/UniformTypeIdentifiers.framework/Versions/A/UniformTypeIdentifiers
0x00007ff80fd8d000 	/usr/lib/libapp_launch_measurement.dylib
0x00007ff80efc8000 	/System/Library/PrivateFrameworks/CoreAnalytics.framework/Versions/A/CoreAnalytics
0x00007ff80fd90000 	/System/Library/PrivateFrameworks/CoreAutoLayout.framework/Versions/A/CoreAutoLayout
0x00007ff810fbf000 	/System/Library/Frameworks/Metal.framework/Versions/A/Metal
0x00007ff811cea000 	/usr/lib/liblangid.dylib
0x00007ff81166a000 	/System/Library/PrivateFrameworks/CoreSVG.framework/Versions/A/CoreSVG
0x00007ff80d5ec000 	/System/Library/PrivateFrameworks/SkyLight.framework/Versions/A/SkyLight
0x00007ff80d98a000 	/System/Library/Frameworks/CoreGraphics.framework/Versions/A/CoreGraphics
0x00007ff819a3f000 	/System/Library/Frameworks/Accelerate.framework/Versions/A/Accelerate
0x00007ff814076000 	/System/Library/PrivateFrameworks/IconServices.framework/Versions/A/IconServices
0x00007ff810fa4000 	/System/Library/Frameworks/IOSurface.framework/Versions/A/IOSurface
0x00007ff80eff6000 	/usr/lib/libDiagnosticMessagesClient.dylib
0x00007ff813330000 	/usr/lib/libz.1.dylib
0x00007ff81d11f000 	/System/Library/Frameworks/ApplicationServices.framework/Versions/A/ApplicationServices
0x00007ff811651000 	/System/Library/PrivateFrameworks/DFRFoundation.framework/Versions/A/DFRFoundation
0x00007ff80a9cc000 	/usr/lib/libicucore.A.dylib
0x00007ff81600c000 	/System/Library/Frameworks/AudioToolbox.framework/Versions/A/AudioToolbox
0x00007ff815223000 	/System/Library/PrivateFrameworks/DataDetectorsCore.framework/Versions/A/DataDetectorsCore
0x00007ff91170a000 	/System/Library/PrivateFrameworks/TextInput.framework/Versions/A/TextInput
0x00007ff80d56f000 	/usr/lib/libMobileGestalt.dylib
0x00007ff81135d000 	/System/Library/Frameworks/Carbon.framework/Versions/A/Frameworks/HIToolbox.framework/Versions/A/HIToolbox
0x00007ff80f793000 	/System/Library/Frameworks/QuartzCore.framework/Versions/A/QuartzCore
0x00007ff80a671000 	/System/Library/Frameworks/Security.framework/Versions/A/Security
0x00007ff8193b7000 	/System/Library/Frameworks/Carbon.framework/Versions/A/Frameworks/SpeechRecognition.framework/Versions/A/SpeechRecognition
0x00007ff80faed000 	/System/Library/PrivateFrameworks/CoreUI.framework/Versions/A/CoreUI
0x00007ff809f3c000 	/System/Library/Frameworks/CoreAudio.framework/Versions/A/CoreAudio
0x00007ff80f0e5000 	/System/Library/Frameworks/DiskArbitration.framework/Versions/A/DiskArbitration
0x00007ff8149e5000 	/System/Library/PrivateFrameworks/MultitouchSupport.framework/Versions/A/MultitouchSupport
0x00007ff80d56e000 	/usr/lib/libenergytrace.dylib
0x00007ff80afd0000 	/System/Library/Frameworks/IOKit.framework/Versions/A/IOKit
0x00007ff8197a7000 	/System/Library/Frameworks/CoreServices.framework/Versions/A/CoreServices
0x00007ff80fd27000 	/System/Library/PrivateFrameworks/PerformanceAnalysis.framework/Versions/A/PerformanceAnalysis
0x00007ffa213ef000 	/System/Library/Frameworks/OpenGL.framework/Versions/A/OpenGL
0x00007ff81294c000 	/System/Library/PrivateFrameworks/MobileKeyBag.framework/Versions/A/MobileKeyBag
0x00007ff8084ac000 	/usr/lib/libobjc.A.dylib
0x00007ff80e056000 	/System/Library/Frameworks/ColorSync.framework/Versions/A/ColorSync
0x00007ff808666000 	/System/Library/Frameworks/CoreFoundation.framework/Versions/A/CoreFoundation
0x00007ff8118e0000 	/System/Library/Frameworks/CoreImage.framework/Versions/A/CoreImage
0x00007ff809d50000 	/System/Library/Frameworks/CoreText.framework/Versions/A/CoreText
0x00007ff81169a000 	/System/Library/Frameworks/ImageIO.framework/Versions/A/ImageIO
0x00007ff813416000 	/System/Library/PrivateFrameworks/SoftLinking.framework/Versions/A/SoftLinking
0x00007ff80fdd8000 	/usr/lib/libxml2.2.dylib
0x00007ff808572000 	/usr/lib/libc++.1.dylib
0x00007ff81369a000 	/usr/lib/libcompression.dylib
0x00007ff81514a000 	/System/Library/PrivateFrameworks/TextureIO.framework/Versions/A/TextureIO
0x00007ff813d88000 	/usr/lib/libate.dylib
0x00007ff81340b000 	/usr/lib/system/libcache.dylib
0x00007ff8133c7000 	/usr/lib/system/libcommonCrypto.dylib
0x00007ff8133f0000 	/usr/lib/system/libcompiler_rt.dylib
0x00007ff8133e6000 	/usr/lib/system/libcopyfile.dylib
0x00007ff8083a7000 	/usr/lib/system/libcorecrypto.dylib
0x00007ff808465000 	/usr/lib/system/libdispatch.dylib
0x00007ff808625000 	/usr/lib/system/libdyld.dylib
0x00007ff813402000 	/usr/lib/system/libkeymgr.dylib
0x00007ff8133a5000 	/usr/lib/system/libmacho.dylib
0x00007ff812a26000 	/usr/lib/system/libquarantine.dylib
0x00007ff813400000 	/usr/lib/system/libremovefile.dylib
0x00007ff80d5bc000 	/usr/lib/system/libsystem_asl.dylib
0x00007ff808350000 	/usr/lib/system/libsystem_blocks.dylib
0x00007ff8084e9000 	/usr/lib/system/libsystem_c.dylib
0x00007ff8133f8000 	/usr/lib/system/libsystem_collections.dylib
0x00007ff811cda000 	/usr/lib/system/libsystem_configuration.dylib
0x00007ff810f87000 	/usr/lib/system/libsystem_containermanager.dylib
0x00007ff8130dd000 	/usr/lib/system/libsystem_coreservices.dylib
0x00007ff80ac60000 	/usr/lib/system/libsystem_darwin.dylib
0x00007ff813403000 	/usr/lib/system/libsystem_dnssd.dylib
0x00007ff8084e6000 	/usr/lib/system/libsystem_featureflags.dylib
0x00007ff80863b000 	/usr/lib/system/libsystem_info.dylib
0x00007ff813343000 	/usr/lib/system/libsystem_m.dylib
0x00007ff808439000 	/usr/lib/system/libsystem_malloc.dylib
0x00007ff80d557000 	/usr/lib/system/libsystem_networkextension.dylib
0x00007ff80b086000 	/usr/lib/system/libsystem_notify.dylib
0x00007ff81967c000 	/usr/lib/system/libsystem_product_info_filter.dylib
0x00007ff811cde000 	/usr/lib/system/libsystem_sandbox.dylib
0x00007ff8133fd000 	/usr/lib/system/libsystem_secinit.dylib
0x00007ff8085e1000 	/usr/lib/system/libsystem_kernel.dylib
0x00007ff808631000 	/usr/lib/system/libsystem_platform.dylib
0x00007ff808619000 	/usr/lib/system/libsystem_pthread.dylib
0x00007ff80ee08000 	/usr/lib/system/libsystem_symptoms.dylib
0x00007ff80838e000 	/usr/lib/system/libsystem_trace.dylib
0x00007ff8133d3000 	/usr/lib/system/libunwind.dylib
0x00007ff808352000 	/usr/lib/system/libxpc.dylib
0x00007ff8085cb000 	/usr/lib/libc++abi.dylib
0x00007ff8133de000 	/usr/lib/liboah.dylib
0x00007ff813b64000 	/usr/lib/liblzma.5.dylib
0x00007ff8091f7000 	/System/Library/Frameworks/SystemConfiguration.framework/Versions/A/SystemConfiguration
0x00007ff813412000 	/usr/lib/libfakelink.dylib
0x00007ff80d0c8000 	/System/Library/Frameworks/CFNetwork.framework/Versions/A/CFNetwork
0x00007ff813553000 	/usr/lib/libarchive.2.dylib
0x00007ff811ce6000 	/System/Library/PrivateFrameworks/AppleSystemInfo.framework/Versions/A/AppleSystemInfo
0x00007ff812a4d000 	/usr/lib/libbsm.0.dylib
0x00007ff80c6d7000 	/usr/lib/libnetwork.dylib
0x00007ff8133ab000 	/usr/lib/system/libkxld.dylib
0x00007ff812680000 	/System/Library/PrivateFrameworks/IOMobileFramebuffer.framework/Versions/A/IOMobileFramebuffer
0x00007ffb207c3000 	/usr/lib/libCoreEntitlements.dylib
0x00007ff8130bf000 	/System/Library/PrivateFrameworks/AppleFSCompression.framework/Versions/A/AppleFSCompression
0x00007ff812a35000 	/usr/lib/libcoretls.dylib
0x00007ff813b7e000 	/usr/lib/libcoretls_cfhelpers.dylib
0x00007ff813695000 	/usr/lib/libpam.2.dylib
0x00007ff80ea28000 	/usr/lib/libsqlite3.dylib
0x00007ff813bed000 	/usr/lib/libxar.1.dylib
0x00007ff8130cf000 	/usr/lib/libbz2.1.0.dylib
0x00007ff813417000 	/usr/lib/libpcap.A.dylib
0x00007ff80ee00000 	/usr/lib/libdns_services.dylib
0x00007ff813665000 	/usr/lib/libapple_nghttp2.dylib
0x00007ff813451000 	/usr/lib/libiconv.2.dylib
0x00007ff8133a4000 	/usr/lib/libcharset.1.dylib
0x00007ff80fd5b000 	/System/Library/Frameworks/CoreServices.framework/Versions/A/Frameworks/FSEvents.framework/Versions/A/FSEvents
0x00007ff80ac6a000 	/System/Library/Frameworks/CoreServices.framework/Versions/A/Frameworks/CarbonCore.framework/Versions/A/CarbonCore
0x00007ff80f049000 	/System/Library/Frameworks/CoreServices.framework/Versions/A/Frameworks/Metadata.framework/Versions/A/Metadata
0x00007ff8130e2000 	/System/Library/Frameworks/CoreServices.framework/Versions/A/Frameworks/OSServices.framework/Versions/A/OSServices
0x00007ff8135da000 	/System/Library/Frameworks/CoreServices.framework/Versions/A/Frameworks/SearchKit.framework/Versions/A/SearchKit
0x00007ff80ed93000 	/System/Library/Frameworks/CoreServices.framework/Versions/A/Frameworks/AE.framework/Versions/A/AE
0x00007ff808b69000 	/System/Library/Frameworks/CoreServices.framework/Versions/A/Frameworks/LaunchServices.framework/Versions/A/LaunchServices
0x00007ff813b15000 	/System/Library/Frameworks/CoreServices.framework/Versions/A/Frameworks/DictionaryServices.framework/Versions/A/DictionaryServices
0x00007ff80fd68000 	/System/Library/Frameworks/CoreServices.framework/Versions/A/Frameworks/SharedFileList.framework/Versions/A/SharedFileList
0x00007ff812a29000 	/usr/lib/libCheckFix.dylib
0x00007ff80d5d3000 	/System/Library/PrivateFrameworks/TCC.framework/Versions/A/TCC
0x00007ff811cec000 	/System/Library/PrivateFrameworks/CoreNLP.framework/Versions/A/CoreNLP
0x00007ff80eff9000 	/System/Library/PrivateFrameworks/MetadataUtilities.framework/Versions/A/MetadataUtilities
0x00007ff8092ab000 	/usr/lib/libmecabra.dylib
0x00007ff812a5d000 	/usr/lib/libmecab.dylib
0x00007ff809276000 	/usr/lib/libCRFSuite.dylib
0x00007ff812ab7000 	/usr/lib/libgermantok.dylib
0x00007ff813640000 	/usr/lib/libThaiTokenizer.dylib
0x00007ff80f0ec000 	/System/Library/Frameworks/Accelerate.framework/Versions/A/Frameworks/vImage.framework/Versions/A/vImage
0x00007ff81977e000 	/System/Library/Frameworks/Accelerate.framework/Versions/A/Frameworks/vecLib.framework/Versions/A/vecLib
0x00007ff813c2e000 	/System/Library/Frameworks/Accelerate.framework/Versions/A/Frameworks/vecLib.framework/Versions/A/libvMisc.dylib
0x00007ff8124ab000 	/System/Library/Frameworks/Accelerate.framework/Versions/A/Frameworks/vecLib.framework/Versions/A/libvDSP.dylib
0x00007ff808ee7000 	/System/Library/Frameworks/Accelerate.framework/Versions/A/Frameworks/vecLib.framework/Versions/A/libBLAS.dylib
0x00007ff813777000 	/System/Library/Frameworks/Accelerate.framework/Versions/A/Frameworks/vecLib.framework/Versions/A/libLAPACK.dylib
0x00007ff812aba000 	/System/Library/Frameworks/Accelerate.framework/Versions/A/Frameworks/vecLib.framework/Versions/A/libLinearAlgebra.dylib
0x00007ff81367d000 	/System/Library/Frameworks/Accelerate.framework/Versions/A/Frameworks/vecLib.framework/Versions/A/libSparseBLAS.dylib
0x00007ff813771000 	/System/Library/Frameworks/Accelerate.framework/Versions/A/Frameworks/vecLib.framework/Versions/A/libQuadrature.dylib
0x00007ff811dd7000 	/System/Library/Frameworks/Accelerate.framework/Versions/A/Frameworks/vecLib.framework/Versions/A/libBNNS.dylib
0x00007ff809181000 	/System/Library/Frameworks/Accelerate.framework/Versions/A/Frameworks/vecLib.framework/Versions/A/libSparse.dylib
0x00007ff811dd0000 	/System/Library/PrivateFrameworks/LinguisticData.framework/Versions/A/LinguisticData
0x00007ff809137000 	/System/Library/PrivateFrameworks/Lexicon.framework/Versions/A/Lexicon
0x00007ff813c27000 	/usr/lib/libChineseTokenizer.dylib
0x00007ff8098a5000 	/System/Library/PrivateFrameworks/LanguageModeling.framework/Versions/A/LanguageModeling
0x00007ff813642000 	/System/Library/PrivateFrameworks/AppleSauce.framework/Versions/A/AppleSauce
0x00007ff81266e000 	/System/Library/PrivateFrameworks/CoreEmoji.framework/Versions/A/CoreEmoji
0x00007ff813542000 	/usr/lib/libcmph.dylib
0x00007ff80fd3f000 	/System/Library/Frameworks/OpenDirectory.framework/Versions/A/Frameworks/CFOpenDirectory.framework/Versions/A/CFOpenDirectory
0x00007ff80fd33000 	/System/Library/Frameworks/OpenDirectory.framework/Versions/A/OpenDirectory
0x00007ff813b80000 	/System/Library/PrivateFrameworks/APFS.framework/Versions/A/APFS
0x00007ff812984000 	/System/Library/Frameworks/SecurityFoundation.framework/Versions/A/SecurityFoundation
0x00007ff813bfb000 	/usr/lib/libutil.dylib
0x00007ff80af94000 	/System/Library/PrivateFrameworks/CoreServicesStore.framework/Versions/A/CoreServicesStore
0x00007ff813bff000 	/usr/lib/libxslt.1.dylib
0x00007ff812a11000 	/System/Library/PrivateFrameworks/BackgroundTaskManagement.framework/Versions/A/BackgroundTaskManagement
0x00007ff81506a000 	/System/Library/Frameworks/ImageIO.framework/Versions/A/Resources/libRadiance.dylib
0x00007ff815073000 	/System/Library/Frameworks/ImageIO.framework/Versions/A/Resources/libJPEG.dylib
0x00007ff814fc4000 	/System/Library/Frameworks/ImageIO.framework/Versions/A/Resources/libPng.dylib
0x00007ff814fe5000 	/System/Library/Frameworks/ImageIO.framework/Versions/A/Resources/libTIFF.dylib
0x00007ff8150d3000 	/System/Library/Frameworks/ImageIO.framework/Versions/A/Resources/libGIF.dylib
0x00007ff8148ff000 	/System/Library/Frameworks/ImageIO.framework/Versions/A/Resources/libJP2.dylib
0x00007ff81403d000 	/usr/lib/libexpat.1.dylib
0x00007ff8148b4000 	/System/Library/PrivateFrameworks/AppleJPEG.framework/Versions/A/AppleJPEG
0x00007ff811221000 	/System/Library/PrivateFrameworks/FontServices.framework/libFontParser.dylib
0x00007ff80ed3d000 	/System/Library/PrivateFrameworks/RunningBoardServices.framework/Versions/A/RunningBoardServices
0x00007ff81fa36000 	/System/Library/PrivateFrameworks/IOSurfaceAccelerator.framework/Versions/A/IOSurfaceAccelerator
0x00007ff8149e1000 	/System/Library/PrivateFrameworks/WatchdogClient.framework/Versions/A/WatchdogClient
0x00007ff809993000 	/System/Library/Frameworks/CoreDisplay.framework/Versions/A/CoreDisplay
0x00007ff81111f000 	/System/Library/Frameworks/CoreMedia.framework/Versions/A/CoreMedia
0x00007ff810fb6000 	/System/Library/PrivateFrameworks/IOAccelerator.framework/Versions/A/IOAccelerator
0x00007ff80febc000 	/System/Library/Frameworks/CoreVideo.framework/Versions/A/CoreVideo
0x00007ff813693000 	/System/Library/Frameworks/MetalPerformanceShaders.framework/Versions/A/MetalPerformanceShaders
0x00007ff814a1e000 	/System/Library/Frameworks/VideoToolbox.framework/Versions/A/VideoToolbox
0x00007ff80ec87000 	/System/Library/PrivateFrameworks/BaseBoard.framework/Versions/A/BaseBoard
0x00007ff80ea0e000 	/System/Library/PrivateFrameworks/ProtocolBuffer.framework/Versions/A/ProtocolBuffer
0x00007ff815063000 	/System/Library/PrivateFrameworks/GPUWrangler.framework/Versions/A/GPUWrangler
0x00007ff815047000 	/System/Library/PrivateFrameworks/IOPresentment.framework/Versions/A/IOPresentment
0x00007ff81506d000 	/System/Library/PrivateFrameworks/DSExternalDisplay.framework/Versions/A/DSExternalDisplay
0x00007ffa213e3000 	/System/Library/Frameworks/OpenGL.framework/Versions/A/Libraries/libCoreFSCache.dylib
0x00007ffb0dee7000 	/System/Library/PrivateFrameworks/GPUCompiler.framework/Versions/31001/Libraries/libGPUCompilerUtils.dylib
0x00007ff8150d8000 	/System/Library/PrivateFrameworks/CMCaptureCore.framework/Versions/A/CMCaptureCore
0x00007ff8145e5000 	/System/Library/PrivateFrameworks/AppServerSupport.framework/Versions/A/AppServerSupport
0x00007ff8168a4000 	/System/Library/PrivateFrameworks/perfdata.framework/Versions/A/perfdata
0x00007ff809abf000 	/System/Library/PrivateFrameworks/AudioToolboxCore.framework/Versions/A/AudioToolboxCore
0x00007ff8110fd000 	/System/Library/PrivateFrameworks/caulk.framework/Versions/A/caulk
0x00007ff8161b6000 	/usr/lib/libAudioStatistics.dylib
0x00007ff90dead000 	/System/Library/PrivateFrameworks/SystemPolicy.framework/Versions/A/SystemPolicy
0x00007ff816411000 	/usr/lib/libSMC.dylib
0x00007ff81f32e000 	/System/Library/Frameworks/CoreMIDI.framework/Versions/A/CoreMIDI
0x00007ff814f93000 	/usr/lib/libAudioToolboxUtility.dylib
0x00007ff90a0e2000 	/System/Library/PrivateFrameworks/OSAServicesClient.framework/Versions/A/OSAServicesClient
0x00007ff8168b1000 	/usr/lib/libperfcheck.dylib
0x00007ff90e957000 	/usr/lib/libmis.dylib
0x00007ffa2143e000 	/System/Library/Frameworks/OpenGL.framework/Versions/A/Libraries/libGLU.dylib
0x00007ffa21402000 	/System/Library/Frameworks/OpenGL.framework/Versions/A/Libraries/libGFXShared.dylib
0x00007ffa2160b000 	/System/Library/Frameworks/OpenGL.framework/Versions/A/Libraries/libGL.dylib
0x00007ffa2140b000 	/System/Library/Frameworks/OpenGL.framework/Versions/A/Libraries/libGLImage.dylib
0x00007ffa213ff000 	/System/Library/Frameworks/OpenGL.framework/Versions/A/Libraries/libCVMSPluginSupport.dylib
0x00007ffa213ea000 	/System/Library/Frameworks/OpenGL.framework/Versions/A/Libraries/libCoreVMClient.dylib
0x00007ff811c68000 	/System/Library/Frameworks/MetalPerformanceShaders.framework/Versions/A/Frameworks/MPSCore.framework/Versions/A/MPSCore
0x00007ff81302a000 	/System/Library/Frameworks/MetalPerformanceShaders.framework/Versions/A/Frameworks/MPSImage.framework/Versions/A/MPSImage
0x00007ff812ad0000 	/System/Library/Frameworks/MetalPerformanceShaders.framework/Versions/A/Frameworks/MPSNeuralNetwork.framework/Versions/A/MPSNeuralNetwork
0x00007ff812f44000 	/System/Library/Frameworks/MetalPerformanceShaders.framework/Versions/A/Frameworks/MPSMatrix.framework/Versions/A/MPSMatrix
0x00007ff812cff000 	/System/Library/Frameworks/MetalPerformanceShaders.framework/Versions/A/Frameworks/MPSRayIntersector.framework/Versions/A/MPSRayIntersector
0x00007ff812f7c000 	/System/Library/Frameworks/MetalPerformanceShaders.framework/Versions/A/Frameworks/MPSNDArray.framework/Versions/A/MPSNDArray
0x00007ffa26605000 	/System/Library/Frameworks/MetalPerformanceShaders.framework/Versions/A/Frameworks/MPSFunctions.framework/Versions/A/MPSFunctions
0x00007ff808dc0000 	/System/Library/PrivateFrameworks/MetalTools.framework/Versions/A/MetalTools
0x00007ff811ce4000 	/System/Library/PrivateFrameworks/AggregateDictionary.framework/Versions/A/AggregateDictionary
0x00007ff813e1f000 	/usr/lib/libIOReport.dylib
0x00007ffa22a1a000 	/System/Library/Frameworks/OpenCL.framework/Versions/A/OpenCL
0x00007ff814183000 	/System/Library/PrivateFrameworks/FaceCore.framework/Versions/A/FaceCore
0x00007ff814174000 	/System/Library/PrivateFrameworks/GraphVisualizer.framework/Versions/A/GraphVisualizer
0x00007ffb0ddf2000 	/System/Library/PrivateFrameworks/FontServices.framework/Versions/A/FontServices
0x00007ff81459d000 	/System/Library/PrivateFrameworks/OTSVG.framework/Versions/A/OTSVG
0x00007ff80faa3000 	/System/Library/Frameworks/ApplicationServices.framework/Versions/A/Frameworks/ATS.framework/Versions/A/Resources/libFontRegistry.dylib
0x00007ff8145ed000 	/System/Library/PrivateFrameworks/FontServices.framework/libhvf.dylib
0x00007ffb0ddf3000 	/System/Library/PrivateFrameworks/FontServices.framework/libXTFontStaticRegistryData.dylib
0x00007ff813fed000 	/System/Library/PrivateFrameworks/AppleVA.framework/Versions/A/AppleVA
0x00007ff8161d6000 	/System/Library/Frameworks/ApplicationServices.framework/Versions/A/Frameworks/ATS.framework/Versions/A/ATS
0x00007ff80e154000 	/System/Library/Frameworks/ApplicationServices.framework/Versions/A/Frameworks/HIServices.framework/Versions/A/HIServices
0x00007ff8150e2000 	/System/Library/Frameworks/ApplicationServices.framework/Versions/A/Frameworks/PrintCore.framework/Versions/A/PrintCore
0x00007ff816564000 	/System/Library/Frameworks/ApplicationServices.framework/Versions/A/Frameworks/QD.framework/Versions/A/QD
0x00007ff81655c000 	/System/Library/Frameworks/ApplicationServices.framework/Versions/A/Frameworks/ColorSyncLegacy.framework/Versions/A/ColorSyncLegacy
0x00007ff8161c6000 	/System/Library/Frameworks/ApplicationServices.framework/Versions/A/Frameworks/SpeechSynthesis.framework/Versions/A/SpeechSynthesis
0x00007ff8150a3000 	/System/Library/Frameworks/ApplicationServices.framework/Versions/A/Frameworks/ATSUI.framework/Versions/A/ATSUI
0x00007ff8164f1000 	/usr/lib/libcups.2.dylib
0x00007ff8168c0000 	/System/Library/Frameworks/Kerberos.framework/Versions/A/Kerberos
0x00007ff8168cf000 	/System/Library/Frameworks/GSS.framework/Versions/A/GSS
0x00007ff816242000 	/usr/lib/libresolv.9.dylib
0x00007ff8145fc000 	/System/Library/PrivateFrameworks/Heimdal.framework/Versions/A/Heimdal
0x00007ff81d4b1000 	/System/Library/Frameworks/Kerberos.framework/Versions/A/Libraries/libHeimdalProxy.dylib
0x00007ff80ee10000 	/System/Library/Frameworks/Network.framework/Versions/A/Network
0x00007ff814057000 	/usr/lib/libheimdal-asn1.dylib
0x00007ff81691a000 	/System/Library/PrivateFrameworks/CommonAuth.framework/Versions/A/CommonAuth
0x00007ff816148000 	/System/Library/PrivateFrameworks/AudioSession.framework/Versions/A/AudioSession
0x00007ff8140e7000 	/System/Library/PrivateFrameworks/MediaExperience.framework/Versions/A/MediaExperience
0x00007ff815fdb000 	/System/Library/PrivateFrameworks/AudioSession.framework/libSessionUtility.dylib
0x00007ff816570000 	/System/Library/PrivateFrameworks/AudioResourceArbitration.framework/Versions/A/AudioResourceArbitration
0x00007ff81a5f1000 	/System/Library/PrivateFrameworks/PowerLog.framework/Versions/A/PowerLog
0x00007ff814060000 	/System/Library/PrivateFrameworks/IconFoundation.framework/Versions/A/IconFoundation
0x00007ff8193a7000 	/System/Library/PrivateFrameworks/SpeechRecognitionCore.framework/Versions/A/SpeechRecognitionCore
0x00007ffa13692000 	/System/Library/CoreServices/Encodings/libSimplifiedChineseConverter.dylib
0x000000010853b000 	/Library/Java/JavaVirtualMachines/adoptopenjdk-11.jdk/Contents/Home/lib/server/libjvm.dylib
0x0000000107229000 	/Library/Java/JavaVirtualMachines/adoptopenjdk-11.jdk/Contents/Home/lib/libverify.dylib
0x0000000107266000 	/Library/Java/JavaVirtualMachines/adoptopenjdk-11.jdk/Contents/Home/lib/libjava.dylib
0x000000010723a000 	/Library/Java/JavaVirtualMachines/adoptopenjdk-11.jdk/Contents/Home/lib/libjimage.dylib
0x00000001072ce000 	/Library/Java/JavaVirtualMachines/adoptopenjdk-11.jdk/Contents/Home/lib/libjdwp.dylib
0x0000000107256000 	/Library/Java/JavaVirtualMachines/adoptopenjdk-11.jdk/Contents/Home/lib/libinstrument.dylib
0x0000000107292000 	/Library/Java/JavaVirtualMachines/adoptopenjdk-11.jdk/Contents/Home/lib/libzip.dylib
0x00000001072c0000 	/Library/Java/JavaVirtualMachines/adoptopenjdk-11.jdk/Contents/Home/lib/libdt_socket.dylib
0x0000000107e2a000 	/Users/jphoebe/IdeaProjects/edu/java_edu_demo/src/main/java/edu/jphoebe/demo/jni/cSource/exception/JniExceptionImpl.jnilib
0x0000000107e49000 	/Library/Java/JavaVirtualMachines/adoptopenjdk-11.jdk/Contents/Home/lib/libnio.dylib
0x0000000107e75000 	/Library/Java/JavaVirtualMachines/adoptopenjdk-11.jdk/Contents/Home/lib/libnet.dylib


VM Arguments:
jvm_args: -agentlib:jdwp=transport=dt_socket,address=127.0.0.1:61197,suspend=y,server=n -Dvisualvm.id=1099143550378286 -Dvisualgc.id=1099143550347898 -javaagent:/Users/jphoebe/Library/Caches/JetBrains/IntelliJIdea2022.2/captureAgent/debugger-agent.jar -Dfile.encoding=UTF-8 
java_command: edu.jphoebe.demo.jni.Test
java_class_path (initial): /Users/jphoebe/IdeaProjects/edu/java_edu_demo/target/classes:/Users/jphoebe/.m2/repository/org/springframework/boot/spring-boot-starter-web/2.6.6/spring-boot-starter-web-2.6.6.jar:/Users/jphoebe/.m2/repository/org/springframework/boot/spring-boot-starter/2.6.6/spring-boot-starter-2.6.6.jar:/Users/jphoebe/.m2/repository/org/springframework/boot/spring-boot/2.6.6/spring-boot-2.6.6.jar:/Users/jphoebe/.m2/repository/org/springframework/boot/spring-boot-autoconfigure/2.6.6/spring-boot-autoconfigure-2.6.6.jar:/Users/jphoebe/.m2/repository/jakarta/annotation/jakarta.annotation-api/1.3.5/jakarta.annotation-api-1.3.5.jar:/Users/jphoebe/.m2/repository/org/yaml/snakeyaml/1.29/snakeyaml-1.29.jar:/Users/jphoebe/.m2/repository/org/springframework/boot/spring-boot-starter-json/2.6.6/spring-boot-starter-json-2.6.6.jar:/Users/jphoebe/.m2/repository/com/fasterxml/jackson/datatype/jackson-datatype-jdk8/2.13.2/jackson-datatype-jdk8-2.13.2.jar:/Users/jphoebe/.m2/repository/com/fasterxml/jackson/module/jackson-module-parameter-names/2.13.2/jackson-module-parameter-names-2.13.2.jar:/Users/jphoebe/.m2/repository/org/springframework/boot/spring-boot-starter-tomcat/2.6.6/spring-boot-starter-tomcat-2.6.6.jar:/Users/jphoebe/.m2/repository/org/apache/tomcat/embed/tomcat-embed-core/9.0.60/tomcat-embed-core-9.0.60.jar:/Users/jphoebe/.m2/repository/org/apache/tomcat/embed/tomcat-embed-el/9.0.60/tomcat-embed-el-9.0.60.jar:/Users/jphoebe/.m2/repository/org/apache/tomcat/embed/tomcat-embed-websocket/9.0.60/tomcat-embed-websocket-9.0.60.jar:/Users/jphoebe/.m2/repository/org/springframework/spring-web/5.3.18/spring-web-5.3.18.jar:/Users/jphoebe/.m2/repository/org/springframework/spring-beans/5.3.18/spring-beans-5.3.18.jar:/Users/jphoebe/.m2/repository/org/springframework/spring-webmvc/5.3.18/spring-webmvc-5.3.18.jar:/Users/jphoebe/.m2/repository/org/springframework/spring-aop/5.3.18/spring-aop-5.3.18.jar:/Users/jphoebe/.m2/repository/org/springframework/spring-context/5.3.1
Launcher Type: SUN_STANDARD

[Global flags]
     intx CICompilerCount                          = 4                                         {product} {ergonomic}
     uint ConcGCThreads                            = 3                                         {product} {ergonomic}
     uint G1ConcRefinementThreads                  = 10                                        {product} {ergonomic}
   size_t G1HeapRegionSize                         = 2097152                                   {product} {ergonomic}
    uintx GCDrainStackTargetSize                   = 64                                        {product} {ergonomic}
   size_t InitialHeapSize                          = 536870912                                 {product} {ergonomic}
   size_t MarkStackSize                            = 4194304                                   {product} {ergonomic}
   size_t MaxHeapSize                              = 8589934592                                {product} {ergonomic}
   size_t MaxNewSize                               = 5152702464                                {product} {ergonomic}
   size_t MinHeapDeltaBytes                        = 2097152                                   {product} {ergonomic}
    uintx NonNMethodCodeHeapSize                   = 5836300                                {pd product} {ergonomic}
    uintx NonProfiledCodeHeapSize                  = 122910970                              {pd product} {ergonomic}
    uintx ProfiledCodeHeapSize                     = 122910970                              {pd product} {ergonomic}
    uintx ReservedCodeCacheSize                    = 251658240                              {pd product} {ergonomic}
     bool SegmentedCodeCache                       = true                                      {product} {ergonomic}
     bool UseCompressedClassPointers               = true                                 {lp64_product} {ergonomic}
     bool UseCompressedOops                        = true                                 {lp64_product} {ergonomic}
     bool UseG1GC                                  = true                                      {product} {ergonomic}

Logging:
Log output configuration:
 #0: stdout all=warning uptime,level,tags
 #1: stderr all=off uptime,level,tags

Environment Variables:
JAVA_HOME=/Users/jphoebe/.sdkman/candidates/java/current
PATH=/Users/jphoebe/.jenv/shims:/usr/local/sbin:/usr/local/opt/ruby/bin:/Users/jphoebe/.sdkman/candidates/java/current/bin:/Users/jphoebe/.nvm/versions/node/v16.14.2/bin:/usr/local/Cellar/pyenv-virtualenv/1.1.5/shims:/usr/local/var/pyenv/shims:/usr/local/bin:/usr/bin:/bin:/usr/sbin:/sbin:/Applications/VMware Fusion.app/Contents/Public:/usr/local/share/dotnet:~/.dotnet/tools:/Library/Apple/usr/bin:/Library/Frameworks/Mono.framework/Versions/Current/Commands:/usr/local/bin:/Users/jphoebe/opt/apache-maven/bin:/Users/jphoebe/opt/apache-jmeter/bin:/Users/jphoebe/opt/gradle/bin
SHELL=/bin/zsh
LC_CTYPE=zh_CN.UTF-8

Signal Handlers:
SIGSEGV: [libjvm.dylib+0x7b893a], sa_mask[0]=11111111011111110111111111111111, sa_flags=SA_ONSTACK|SA_RESTART|SA_SIGINFO
SIGBUS: [libjvm.dylib+0x7b893a], sa_mask[0]=11111111011111110111111111111111, sa_flags=SA_RESTART|SA_SIGINFO
SIGFPE: [libjvm.dylib+0x7b893a], sa_mask[0]=11111111011111110111111111111111, sa_flags=SA_RESTART|SA_SIGINFO
SIGPIPE: [libjvm.dylib+0x61e7db], sa_mask[0]=11111111011111110111111111111111, sa_flags=SA_RESTART|SA_SIGINFO
SIGXFSZ: [libjvm.dylib+0x61e7db], sa_mask[0]=11111111011111110111111111111111, sa_flags=SA_RESTART|SA_SIGINFO
SIGILL: [libjvm.dylib+0x7b893a], sa_mask[0]=11111111011111110111111111111111, sa_flags=SA_RESTART|SA_SIGINFO
SIGUSR2: [libjvm.dylib+0x61edc3], sa_mask[0]=00100000000000000000000000000000, sa_flags=SA_RESTART|SA_SIGINFO
SIGHUP: [libjvm.dylib+0x61d909], sa_mask[0]=11111111011111110111111111111111, sa_flags=SA_RESTART|SA_SIGINFO
SIGINT: [libjvm.dylib+0x61d909], sa_mask[0]=11111111011111110111111111111111, sa_flags=SA_RESTART|SA_SIGINFO
SIGTERM: [libjvm.dylib+0x61d909], sa_mask[0]=11111111011111110111111111111111, sa_flags=SA_RESTART|SA_SIGINFO
SIGQUIT: [libjvm.dylib+0x61d909], sa_mask[0]=11111111011111110111111111111111, sa_flags=SA_RESTART|SA_SIGINFO


---------------  S Y S T E M  ---------------

OS:uname:Darwin 21.5.0 Darwin Kernel Version 21.5.0: Tue Apr 26 21:08:22 PDT 2022; root:xnu-8020.121.3~4/RELEASE_X86_64 x86_64
OS uptime: 36 days 20:04 hours
rlimit (soft/hard): STACK 8192k/65532k , CORE 0k/infinity , NPROC 5568/8352 , NOFILE 10240/infinity , AS infinity/infinity , CPU infinity/infinity , DATA infinity/infinity , FSIZE infinity/infinity , MEMLOCK infinity/infinity , RSS infinity/infinity
load average:7.94 5.97 4.99

CPU:total 12 (initial active 12) (6 cores per cpu, 2 threads per core) family 6 model 158 stepping 10 microcode 0xf0, cmov, cx8, fxsr, mmx, sse, sse2, sse3, ssse3, sse4.1, sse4.2, popcnt, avx, avx2, aes, clmul, erms, rtm, 3dnowpref, lzcnt, ht, tsc, tscinvbit, bmi1, bmi2, adx, fma

Memory: 4k page, physical 33554432k(21332k free), swap 5242880k(1620992k free)

vm_info: OpenJDK 64-Bit Server VM (11.0.10+9) for bsd-amd64 JRE (11.0.10+9), built on Jan 20 2021 11:55:30 by "jenkins" with gcc 4.2.1 Compatible Apple LLVM 10.0.1 (clang-1001.0.46.4)

END.
